TpTrace Verbose: 0 : 4264, 1, 2023/03/02, 19:17:11.978, 8682078776789, vstest.console.dll, Version: 17.2.0-release-20220408-11 Current process architecture: X64
TpTrace Information: 0 : 4264, 1, 2023/03/02, 19:17:11.992, 8682078916489, vstest.console.dll, FilePatternParser: The given file C:\Users\nicky\Source\Repos\EPMMouser\EPM.Mouser.Interview.Tests\bin\Debug\net6.0\fine-code-coverage\build-output\EPM.Mouser.Interview.Tests.dll is a full path.
TpTrace Verbose: 0 : 4264, 1, 2023/03/02, 19:17:12.005, 8682079047926, vstest.console.dll, TestPluginCache.DiscoverTestExtensions: finding test extensions in assemblies ends with: RuntimeProvider.dll TPluginInfo: Microsoft.VisualStudio.TestPlatform.Common.ExtensionFramework.Utilities.TestRuntimePluginInformation TExtension: Microsoft.VisualStudio.TestPlatform.ObjectModel.Host.ITestRuntimeProvider
TpTrace Verbose: 0 : 4264, 1, 2023/03/02, 19:17:12.006, 8682079052862, vstest.console.dll, TestPluginCache.GetExtensionPaths: Filtered extension paths: 
TpTrace Verbose: 0 : 4264, 1, 2023/03/02, 19:17:12.006, 8682079054427, vstest.console.dll, TestPluginCache.GetExtensionPaths: Added default extension paths: C:\Program Files\dotnet\sdk\6.0.309\Extensions\DumpMinitool.exe
C:\Program Files\dotnet\sdk\6.0.309\Extensions\DumpMinitool.x86.exe
C:\Program Files\dotnet\sdk\6.0.309\Extensions\Microsoft.Diagnostics.NETCore.Client.dll
C:\Program Files\dotnet\sdk\6.0.309\Extensions\Microsoft.TestPlatform.Extensions.BlameDataCollector.dll
C:\Program Files\dotnet\sdk\6.0.309\Extensions\Microsoft.TestPlatform.Extensions.EventLogCollector.dll
C:\Program Files\dotnet\sdk\6.0.309\Extensions\Microsoft.TestPlatform.TestHostRuntimeProvider.dll
C:\Program Files\dotnet\sdk\6.0.309\Extensions\Microsoft.VisualStudio.TestPlatform.Extensions.Html.TestLogger.dll
C:\Program Files\dotnet\sdk\6.0.309\Extensions\Microsoft.VisualStudio.TestPlatform.Extensions.Trx.TestLogger.dll
TpTrace Verbose: 0 : 4264, 1, 2023/03/02, 19:17:12.006, 8682079054973, vstest.console.dll, TestPluginCache.GetExtensionPaths: Added unfilterableExtensionPaths: 
TpTrace Information: 0 : 4264, 1, 2023/03/02, 19:17:12.007, 8682079062638, vstest.console.dll, AssemblyResolver.ctor: Creating AssemblyResolver with searchDirectories C:\Program Files\dotnet\sdk\6.0.309\Extensions,C:\Program Files\dotnet\sdk\6.0.309
TpTrace Verbose: 0 : 4264, 1, 2023/03/02, 19:17:12.008, 8682079076567, vstest.console.dll, TestPluginCache.DiscoverTestExtensions: Discovering the extensions using extension path.
TpTrace Verbose: 0 : 4264, 1, 2023/03/02, 19:17:12.008, 8682079077661, vstest.console.dll, TestPluginCache.GetExtensionPaths: Filtered extension paths: 
TpTrace Verbose: 0 : 4264, 1, 2023/03/02, 19:17:12.008, 8682079078131, vstest.console.dll, TestPluginCache.GetExtensionPaths: Added default extension paths: C:\Program Files\dotnet\sdk\6.0.309\Extensions\DumpMinitool.exe
C:\Program Files\dotnet\sdk\6.0.309\Extensions\DumpMinitool.x86.exe
C:\Program Files\dotnet\sdk\6.0.309\Extensions\Microsoft.Diagnostics.NETCore.Client.dll
C:\Program Files\dotnet\sdk\6.0.309\Extensions\Microsoft.TestPlatform.Extensions.BlameDataCollector.dll
C:\Program Files\dotnet\sdk\6.0.309\Extensions\Microsoft.TestPlatform.Extensions.EventLogCollector.dll
C:\Program Files\dotnet\sdk\6.0.309\Extensions\Microsoft.TestPlatform.TestHostRuntimeProvider.dll
C:\Program Files\dotnet\sdk\6.0.309\Extensions\Microsoft.VisualStudio.TestPlatform.Extensions.Html.TestLogger.dll
C:\Program Files\dotnet\sdk\6.0.309\Extensions\Microsoft.VisualStudio.TestPlatform.Extensions.Trx.TestLogger.dll
TpTrace Verbose: 0 : 4264, 1, 2023/03/02, 19:17:12.008, 8682079078475, vstest.console.dll, TestPluginCache.GetExtensionPaths: Added unfilterableExtensionPaths: 
TpTrace Verbose: 0 : 4264, 1, 2023/03/02, 19:17:12.009, 8682079079128, vstest.console.dll, TestPluginCache.DiscoverTestExtensions: Discovering the extensions using allExtensionPaths: C:\Program Files\dotnet\sdk\6.0.309\Extensions\DumpMinitool.exe
C:\Program Files\dotnet\sdk\6.0.309\Extensions\DumpMinitool.x86.exe
C:\Program Files\dotnet\sdk\6.0.309\Extensions\Microsoft.Diagnostics.NETCore.Client.dll
C:\Program Files\dotnet\sdk\6.0.309\Extensions\Microsoft.TestPlatform.Extensions.BlameDataCollector.dll
C:\Program Files\dotnet\sdk\6.0.309\Extensions\Microsoft.TestPlatform.Extensions.EventLogCollector.dll
C:\Program Files\dotnet\sdk\6.0.309\Extensions\Microsoft.TestPlatform.TestHostRuntimeProvider.dll
C:\Program Files\dotnet\sdk\6.0.309\Extensions\Microsoft.VisualStudio.TestPlatform.Extensions.Html.TestLogger.dll
C:\Program Files\dotnet\sdk\6.0.309\Extensions\Microsoft.VisualStudio.TestPlatform.Extensions.Trx.TestLogger.dll
TpTrace Information: 0 : 4264, 1, 2023/03/02, 19:17:12.009, 8682079080784, vstest.console.dll, AssemblyResolver.AddSearchDirectories: Adding more searchDirectories C:\Program Files\dotnet\sdk\6.0.309\Extensions,C:\Program Files\dotnet\sdk\6.0.309
TpTrace Information: 0 : 4264, 1, 2023/03/02, 19:17:12.009, 8682079081487, vstest.console.dll, AssemblyResolver.AddSearchDirectories: Adding more searchDirectories C:\Program Files\dotnet\sdk\6.0.309\Extensions,C:\Program Files\dotnet\sdk\6.0.309
TpTrace Information: 0 : 4264, 1, 2023/03/02, 19:17:12.009, 8682079081891, vstest.console.dll, AssemblyResolver.AddSearchDirectories: Adding more searchDirectories C:\Program Files\dotnet\sdk\6.0.309\Extensions,C:\Program Files\dotnet\sdk\6.0.309
TpTrace Information: 0 : 4264, 1, 2023/03/02, 19:17:12.009, 8682079082243, vstest.console.dll, AssemblyResolver.AddSearchDirectories: Adding more searchDirectories C:\Program Files\dotnet\sdk\6.0.309\Extensions,C:\Program Files\dotnet\sdk\6.0.309
TpTrace Information: 0 : 4264, 1, 2023/03/02, 19:17:12.009, 8682079082658, vstest.console.dll, AssemblyResolver.AddSearchDirectories: Adding more searchDirectories C:\Program Files\dotnet\sdk\6.0.309\Extensions,C:\Program Files\dotnet\sdk\6.0.309
TpTrace Information: 0 : 4264, 1, 2023/03/02, 19:17:12.009, 8682079082997, vstest.console.dll, AssemblyResolver.AddSearchDirectories: Adding more searchDirectories C:\Program Files\dotnet\sdk\6.0.309\Extensions,C:\Program Files\dotnet\sdk\6.0.309
TpTrace Information: 0 : 4264, 1, 2023/03/02, 19:17:12.009, 8682079083332, vstest.console.dll, AssemblyResolver.AddSearchDirectories: Adding more searchDirectories C:\Program Files\dotnet\sdk\6.0.309\Extensions,C:\Program Files\dotnet\sdk\6.0.309
TpTrace Information: 0 : 4264, 1, 2023/03/02, 19:17:12.009, 8682079083842, vstest.console.dll, AssemblyResolver.AddSearchDirectories: Adding more searchDirectories C:\Program Files\dotnet\sdk\6.0.309\Extensions,C:\Program Files\dotnet\sdk\6.0.309
TpTrace Information: 0 : 4264, 1, 2023/03/02, 19:17:12.009, 8682079087386, vstest.console.dll, AssemblyResolver.OnResolve: DumpMinitool: Resolving assembly.
TpTrace Information: 0 : 4264, 1, 2023/03/02, 19:17:12.009, 8682079088193, vstest.console.dll, AssemblyResolver.OnResolve: DumpMinitool: Searching in: 'C:\Program Files\dotnet\sdk\6.0.309\Extensions'.
TpTrace Information: 0 : 4264, 1, 2023/03/02, 19:17:12.010, 8682079089490, vstest.console.dll, AssemblyResolver.OnResolve: DumpMinitool: Assembly path does not exist: 'C:\Program Files\dotnet\sdk\6.0.309\Extensions\DumpMinitool.dll', returning.
TpTrace Information: 0 : 4264, 1, 2023/03/02, 19:17:12.011, 8682079099779, vstest.console.dll, AssemblyResolver.OnResolve: DumpMinitool: Loading assembly 'C:\Program Files\dotnet\sdk\6.0.309\Extensions\DumpMinitool.exe'.
TpTrace Information: 0 : 4264, 1, 2023/03/02, 19:17:12.012, 8682079109162, vstest.console.dll, AssemblyResolver.OnResolve: Resolved assembly: DumpMinitool, from path: C:\Program Files\dotnet\sdk\6.0.309\Extensions\DumpMinitool.exe
TpTrace Verbose: 0 : 4264, 1, 2023/03/02, 19:17:12.016, 8682079156736, vstest.console.dll, MetadataReaderExtensionsHelper: Discovering extensions inside assembly 'DumpMinitool, Version=15.0.0.0, Culture=neutral, PublicKeyToken=b03f5f7f11d50a3a' file path 'C:\Program Files\dotnet\sdk\6.0.309\Extensions\DumpMinitool.exe'
TpTrace Information: 0 : 4264, 1, 2023/03/02, 19:17:12.026, 8682079250140, vstest.console.dll, AssemblyResolver.OnResolve: DumpMinitool.x86: Resolving assembly.
TpTrace Information: 0 : 4264, 1, 2023/03/02, 19:17:12.026, 8682079251772, vstest.console.dll, AssemblyResolver.OnResolve: DumpMinitool.x86: Searching in: 'C:\Program Files\dotnet\sdk\6.0.309\Extensions'.
TpTrace Information: 0 : 4264, 1, 2023/03/02, 19:17:12.026, 8682079252958, vstest.console.dll, AssemblyResolver.OnResolve: DumpMinitool.x86: Assembly path does not exist: 'C:\Program Files\dotnet\sdk\6.0.309\Extensions\DumpMinitool.x86.dll', returning.
TpTrace Information: 0 : 4264, 1, 2023/03/02, 19:17:12.027, 8682079266487, vstest.console.dll, AssemblyResolver.OnResolve: DumpMinitool.x86: Loading assembly 'C:\Program Files\dotnet\sdk\6.0.309\Extensions\DumpMinitool.x86.exe'.
TpTrace Information: 0 : 4264, 1, 2023/03/02, 19:17:12.028, 8682079275541, vstest.console.dll, AssemblyResolver.OnResolve: Resolved assembly: DumpMinitool.x86, from path: C:\Program Files\dotnet\sdk\6.0.309\Extensions\DumpMinitool.x86.exe
TpTrace Verbose: 0 : 4264, 1, 2023/03/02, 19:17:12.028, 8682079276607, vstest.console.dll, MetadataReaderExtensionsHelper: Discovering extensions inside assembly 'DumpMinitool.x86, Version=15.0.0.0, Culture=neutral, PublicKeyToken=b03f5f7f11d50a3a' file path 'C:\Program Files\dotnet\sdk\6.0.309\Extensions\DumpMinitool.x86.exe'
TpTrace Information: 0 : 4264, 1, 2023/03/02, 19:17:12.029, 8682079285331, vstest.console.dll, AssemblyResolver.OnResolve: Microsoft.Diagnostics.NETCore.Client: Resolving assembly.
TpTrace Information: 0 : 4264, 1, 2023/03/02, 19:17:12.029, 8682079285957, vstest.console.dll, AssemblyResolver.OnResolve: Microsoft.Diagnostics.NETCore.Client: Searching in: 'C:\Program Files\dotnet\sdk\6.0.309\Extensions'.
TpTrace Information: 0 : 4264, 1, 2023/03/02, 19:17:12.031, 8682079299152, vstest.console.dll, AssemblyResolver.OnResolve: Microsoft.Diagnostics.NETCore.Client: Loading assembly 'C:\Program Files\dotnet\sdk\6.0.309\Extensions\Microsoft.Diagnostics.NETCore.Client.dll'.
TpTrace Information: 0 : 4264, 1, 2023/03/02, 19:17:12.032, 8682079317201, vstest.console.dll, AssemblyResolver.OnResolve: Resolved assembly: Microsoft.Diagnostics.NETCore.Client, from path: C:\Program Files\dotnet\sdk\6.0.309\Extensions\Microsoft.Diagnostics.NETCore.Client.dll
TpTrace Verbose: 0 : 4264, 1, 2023/03/02, 19:17:12.032, 8682079318031, vstest.console.dll, MetadataReaderExtensionsHelper: Discovering extensions inside assembly 'Microsoft.Diagnostics.NETCore.Client, Version=0.2.5.801, Culture=neutral, PublicKeyToken=31bf3856ad364e35' file path 'C:\Program Files\dotnet\sdk\6.0.309\Extensions\Microsoft.Diagnostics.NETCore.Client.dll'
TpTrace Information: 0 : 4264, 1, 2023/03/02, 19:17:12.040, 8682079389085, vstest.console.dll, AssemblyResolver.OnResolve: Microsoft.Bcl.AsyncInterfaces: Resolving assembly.
TpTrace Information: 0 : 4264, 1, 2023/03/02, 19:17:12.040, 8682079390301, vstest.console.dll, AssemblyResolver.OnResolve: Microsoft.Bcl.AsyncInterfaces: Searching in: 'C:\Program Files\dotnet\sdk\6.0.309\Extensions'.
TpTrace Information: 0 : 4264, 1, 2023/03/02, 19:17:12.040, 8682079391443, vstest.console.dll, AssemblyResolver.OnResolve: Microsoft.Bcl.AsyncInterfaces: Assembly path does not exist: 'C:\Program Files\dotnet\sdk\6.0.309\Extensions\Microsoft.Bcl.AsyncInterfaces.dll', returning.
TpTrace Information: 0 : 4264, 1, 2023/03/02, 19:17:12.040, 8682079392132, vstest.console.dll, AssemblyResolver.OnResolve: Microsoft.Bcl.AsyncInterfaces: Assembly path does not exist: 'C:\Program Files\dotnet\sdk\6.0.309\Extensions\Microsoft.Bcl.AsyncInterfaces.exe', returning.
TpTrace Information: 0 : 4264, 1, 2023/03/02, 19:17:12.040, 8682079392463, vstest.console.dll, AssemblyResolver.OnResolve: Microsoft.Bcl.AsyncInterfaces: Searching in: 'C:\Program Files\dotnet\sdk\6.0.309'.
TpTrace Information: 0 : 4264, 1, 2023/03/02, 19:17:12.040, 8682079393263, vstest.console.dll, AssemblyResolver.OnResolve: Microsoft.Bcl.AsyncInterfaces: Assembly path does not exist: 'C:\Program Files\dotnet\sdk\6.0.309\Microsoft.Bcl.AsyncInterfaces.dll', returning.
TpTrace Information: 0 : 4264, 1, 2023/03/02, 19:17:12.040, 8682079394197, vstest.console.dll, AssemblyResolver.OnResolve: Microsoft.Bcl.AsyncInterfaces: Assembly path does not exist: 'C:\Program Files\dotnet\sdk\6.0.309\Microsoft.Bcl.AsyncInterfaces.exe', returning.
TpTrace Information: 0 : 4264, 1, 2023/03/02, 19:17:12.040, 8682079394580, vstest.console.dll, AssemblyResolver.OnResolve: Microsoft.Bcl.AsyncInterfaces: Failed to load assembly.
TpTrace Verbose: 0 : 4264, 1, 2023/03/02, 19:17:12.040, 8682079395064, vstest.console.dll, CurrentDomainAssemblyResolve: Resolving assembly 'Microsoft.Bcl.AsyncInterfaces'.
TpTrace Information: 0 : 4264, 1, 2023/03/02, 19:17:12.040, 8682079395709, vstest.console.dll, AssemblyResolver.OnResolve: Microsoft.Bcl.AsyncInterfaces: Resolving assembly.
TpTrace Information: 0 : 4264, 1, 2023/03/02, 19:17:12.040, 8682079396192, vstest.console.dll, AssemblyResolver.OnResolve: Microsoft.Bcl.AsyncInterfaces: Resolved from cache.
TpTrace Verbose: 0 : 4264, 1, 2023/03/02, 19:17:12.040, 8682079396527, vstest.console.dll, CurrentDomainAssemblyResolve: Resolving assembly 'Microsoft.Bcl.AsyncInterfaces'.
TpTrace Verbose: 0 : 4264, 1, 2023/03/02, 19:17:12.040, 8682079396933, vstest.console.dll, CurrentDomainAssemblyResolve: Failed to resolve assembly 'Microsoft.Bcl.AsyncInterfaces'.
TpTrace Verbose: 0 : 4264, 1, 2023/03/02, 19:17:12.045, 8682079446453, vstest.console.dll, CurrentDomainAssemblyResolve: Failed to resolve assembly 'Microsoft.Bcl.AsyncInterfaces'.
TpTrace Warning: 0 : 4264, 1, 2023/03/02, 19:17:12.084, 8682079837310, vstest.console.dll, TestPluginDiscoverer: Failed to get types from assembly 'Microsoft.Diagnostics.NETCore.Client, Version=0.2.5.801, Culture=neutral, PublicKeyToken=31bf3856ad364e35'. Error: System.Reflection.ReflectionTypeLoadException: Unable to load one or more of the requested types.
Could not load file or assembly 'Microsoft.Bcl.AsyncInterfaces, Version=1.0.0.0, Culture=neutral, PublicKeyToken=cc7b13ffcd2ddd51'. The system cannot find the file specified.
   at System.Reflection.RuntimeModule.GetTypes(RuntimeModule module)
   at System.Reflection.Assembly.GetTypes()
   at Microsoft.VisualStudio.TestPlatform.Common.ExtensionFramework.TestPluginDiscoverer.GetTestExtensionsFromAssembly[TPluginInfo,TExtension](Assembly assembly, Dictionary`2 pluginInfos, String filePath)
System.IO.FileNotFoundException: Could not load file or assembly 'Microsoft.Bcl.AsyncInterfaces, Version=1.0.0.0, Culture=neutral, PublicKeyToken=cc7b13ffcd2ddd51'. The system cannot find the file specified.
File name: 'Microsoft.Bcl.AsyncInterfaces, Version=1.0.0.0, Culture=neutral, PublicKeyToken=cc7b13ffcd2ddd51'
 ---> System.IO.FileNotFoundException: Could not load file or assembly 'Microsoft.Bcl.AsyncInterfaces, Culture=neutral, PublicKeyToken=null'. The system cannot find the file specified.
File name: 'Microsoft.Bcl.AsyncInterfaces, Culture=neutral, PublicKeyToken=null'
   at System.Reflection.RuntimeAssembly.InternalLoad(ObjectHandleOnStack assemblyName, ObjectHandleOnStack requestingAssembly, StackCrawlMarkHandle stackMark, Boolean throwOnFileNotFound, ObjectHandleOnStack assemblyLoadContext, ObjectHandleOnStack retAssembly)
   at System.Reflection.RuntimeAssembly.InternalLoad(AssemblyName assemblyName, RuntimeAssembly requestingAssembly, StackCrawlMark& stackMark, Boolean throwOnFileNotFound, AssemblyLoadContext assemblyLoadContext)
   at System.Reflection.Assembly.Load(AssemblyName assemblyRef)
   at Microsoft.VisualStudio.TestPlatform.Common.ExtensionFramework.TestPluginCache.CurrentDomainAssemblyResolve(Object sender, AssemblyResolveEventArgs args)
   at Microsoft.VisualStudio.TestPlatform.PlatformAbstractions.PlatformAssemblyResolver.AssemblyResolverEvent(Object sender, Object eventArgs)
   at System.Runtime.Loader.AssemblyLoadContext.GetFirstResolvedAssemblyFromResolvingEvent(AssemblyName assemblyName)
   at System.Runtime.Loader.AssemblyLoadContext.ResolveUsingEvent(AssemblyName assemblyName)
   at System.Runtime.Loader.AssemblyLoadContext.ResolveUsingResolvingEvent(IntPtr gchManagedAssemblyLoadContext, AssemblyName assemblyName)
TpTrace Warning: 0 : 4264, 1, 2023/03/02, 19:17:12.085, 8682079840832, vstest.console.dll, LoaderExceptions: System.IO.FileNotFoundException: Could not load file or assembly 'Microsoft.Bcl.AsyncInterfaces, Version=1.0.0.0, Culture=neutral, PublicKeyToken=cc7b13ffcd2ddd51'. The system cannot find the file specified.
File name: 'Microsoft.Bcl.AsyncInterfaces, Version=1.0.0.0, Culture=neutral, PublicKeyToken=cc7b13ffcd2ddd51'
 ---> System.IO.FileNotFoundException: Could not load file or assembly 'Microsoft.Bcl.AsyncInterfaces, Culture=neutral, PublicKeyToken=null'. The system cannot find the file specified.
File name: 'Microsoft.Bcl.AsyncInterfaces, Culture=neutral, PublicKeyToken=null'
   at System.Reflection.RuntimeAssembly.InternalLoad(ObjectHandleOnStack assemblyName, ObjectHandleOnStack requestingAssembly, StackCrawlMarkHandle stackMark, Boolean throwOnFileNotFound, ObjectHandleOnStack assemblyLoadContext, ObjectHandleOnStack retAssembly)
   at System.Reflection.RuntimeAssembly.InternalLoad(AssemblyName assemblyName, RuntimeAssembly requestingAssembly, StackCrawlMark& stackMark, Boolean throwOnFileNotFound, AssemblyLoadContext assemblyLoadContext)
   at System.Reflection.Assembly.Load(AssemblyName assemblyRef)
   at Microsoft.VisualStudio.TestPlatform.Common.ExtensionFramework.TestPluginCache.CurrentDomainAssemblyResolve(Object sender, AssemblyResolveEventArgs args)
   at Microsoft.VisualStudio.TestPlatform.PlatformAbstractions.PlatformAssemblyResolver.AssemblyResolverEvent(Object sender, Object eventArgs)
   at System.Runtime.Loader.AssemblyLoadContext.GetFirstResolvedAssemblyFromResolvingEvent(AssemblyName assemblyName)
   at System.Runtime.Loader.AssemblyLoadContext.ResolveUsingEvent(AssemblyName assemblyName)
   at System.Runtime.Loader.AssemblyLoadContext.ResolveUsingResolvingEvent(IntPtr gchManagedAssemblyLoadContext, AssemblyName assemblyName)
TpTrace Information: 0 : 4264, 1, 2023/03/02, 19:17:12.085, 8682079842147, vstest.console.dll, AssemblyResolver.OnResolve: Microsoft.TestPlatform.Extensions.BlameDataCollector: Resolving assembly.
TpTrace Information: 0 : 4264, 1, 2023/03/02, 19:17:12.085, 8682079842589, vstest.console.dll, AssemblyResolver.OnResolve: Microsoft.TestPlatform.Extensions.BlameDataCollector: Searching in: 'C:\Program Files\dotnet\sdk\6.0.309\Extensions'.
TpTrace Information: 0 : 4264, 1, 2023/03/02, 19:17:12.086, 8682079855562, vstest.console.dll, AssemblyResolver.OnResolve: Microsoft.TestPlatform.Extensions.BlameDataCollector: Loading assembly 'C:\Program Files\dotnet\sdk\6.0.309\Extensions\Microsoft.TestPlatform.Extensions.BlameDataCollector.dll'.
TpTrace Information: 0 : 4264, 1, 2023/03/02, 19:17:12.088, 8682079870749, vstest.console.dll, AssemblyResolver.OnResolve: Resolved assembly: Microsoft.TestPlatform.Extensions.BlameDataCollector, from path: C:\Program Files\dotnet\sdk\6.0.309\Extensions\Microsoft.TestPlatform.Extensions.BlameDataCollector.dll
TpTrace Verbose: 0 : 4264, 1, 2023/03/02, 19:17:12.088, 8682079871760, vstest.console.dll, MetadataReaderExtensionsHelper: Discovering extensions inside assembly 'Microsoft.TestPlatform.Extensions.BlameDataCollector, Version=15.0.0.0, Culture=neutral, PublicKeyToken=b03f5f7f11d50a3a' file path 'C:\Program Files\dotnet\sdk\6.0.309\Extensions\Microsoft.TestPlatform.Extensions.BlameDataCollector.dll'
TpTrace Information: 0 : 4264, 1, 2023/03/02, 19:17:12.090, 8682079898352, vstest.console.dll, AssemblyResolver.OnResolve: Microsoft.TestPlatform.Extensions.EventLogCollector: Resolving assembly.
TpTrace Information: 0 : 4264, 1, 2023/03/02, 19:17:12.091, 8682079899459, vstest.console.dll, AssemblyResolver.OnResolve: Microsoft.TestPlatform.Extensions.EventLogCollector: Searching in: 'C:\Program Files\dotnet\sdk\6.0.309\Extensions'.
TpTrace Information: 0 : 4264, 1, 2023/03/02, 19:17:12.092, 8682079909599, vstest.console.dll, AssemblyResolver.OnResolve: Microsoft.TestPlatform.Extensions.EventLogCollector: Loading assembly 'C:\Program Files\dotnet\sdk\6.0.309\Extensions\Microsoft.TestPlatform.Extensions.EventLogCollector.dll'.
TpTrace Information: 0 : 4264, 1, 2023/03/02, 19:17:12.092, 8682079916283, vstest.console.dll, AssemblyResolver.OnResolve: Resolved assembly: Microsoft.TestPlatform.Extensions.EventLogCollector, from path: C:\Program Files\dotnet\sdk\6.0.309\Extensions\Microsoft.TestPlatform.Extensions.EventLogCollector.dll
TpTrace Verbose: 0 : 4264, 1, 2023/03/02, 19:17:12.092, 8682079917130, vstest.console.dll, MetadataReaderExtensionsHelper: Discovering extensions inside assembly 'Microsoft.TestPlatform.Extensions.EventLogCollector, Version=15.0.0.0, Culture=neutral, PublicKeyToken=b03f5f7f11d50a3a' file path 'C:\Program Files\dotnet\sdk\6.0.309\Extensions\Microsoft.TestPlatform.Extensions.EventLogCollector.dll'
TpTrace Information: 0 : 4264, 1, 2023/03/02, 19:17:12.094, 8682079933331, vstest.console.dll, AssemblyResolver.OnResolve: Microsoft.TestPlatform.TestHostRuntimeProvider: Resolving assembly.
TpTrace Information: 0 : 4264, 1, 2023/03/02, 19:17:12.094, 8682079934117, vstest.console.dll, AssemblyResolver.OnResolve: Microsoft.TestPlatform.TestHostRuntimeProvider: Searching in: 'C:\Program Files\dotnet\sdk\6.0.309\Extensions'.
TpTrace Information: 0 : 4264, 1, 2023/03/02, 19:17:12.095, 8682079941122, vstest.console.dll, AssemblyResolver.OnResolve: Microsoft.TestPlatform.TestHostRuntimeProvider: Loading assembly 'C:\Program Files\dotnet\sdk\6.0.309\Extensions\Microsoft.TestPlatform.TestHostRuntimeProvider.dll'.
TpTrace Information: 0 : 4264, 1, 2023/03/02, 19:17:12.096, 8682079954883, vstest.console.dll, AssemblyResolver.OnResolve: Resolved assembly: Microsoft.TestPlatform.TestHostRuntimeProvider, from path: C:\Program Files\dotnet\sdk\6.0.309\Extensions\Microsoft.TestPlatform.TestHostRuntimeProvider.dll
TpTrace Verbose: 0 : 4264, 1, 2023/03/02, 19:17:12.096, 8682079955745, vstest.console.dll, MetadataReaderExtensionsHelper: Discovering extensions inside assembly 'Microsoft.TestPlatform.TestHostRuntimeProvider, Version=15.0.0.0, Culture=neutral, PublicKeyToken=b03f5f7f11d50a3a' file path 'C:\Program Files\dotnet\sdk\6.0.309\Extensions\Microsoft.TestPlatform.TestHostRuntimeProvider.dll'
TpTrace Information: 0 : 4264, 1, 2023/03/02, 19:17:12.098, 8682079974687, vstest.console.dll, GetTestExtensionFromType: Register extension with identifier data 'HostProvider://DefaultTestHost' and type 'Microsoft.VisualStudio.TestPlatform.CrossPlatEngine.Hosting.DefaultTestHostManager, Microsoft.TestPlatform.TestHostRuntimeProvider, Version=15.0.0.0, Culture=neutral, PublicKeyToken=b03f5f7f11d50a3a' inside file 'C:\Program Files\dotnet\sdk\6.0.309\Extensions\Microsoft.TestPlatform.TestHostRuntimeProvider.dll'
TpTrace Information: 0 : 4264, 1, 2023/03/02, 19:17:12.098, 8682079976034, vstest.console.dll, GetTestExtensionFromType: Register extension with identifier data 'HostProvider://DotnetTestHost' and type 'Microsoft.VisualStudio.TestPlatform.CrossPlatEngine.Hosting.DotnetTestHostManager, Microsoft.TestPlatform.TestHostRuntimeProvider, Version=15.0.0.0, Culture=neutral, PublicKeyToken=b03f5f7f11d50a3a' inside file 'C:\Program Files\dotnet\sdk\6.0.309\Extensions\Microsoft.TestPlatform.TestHostRuntimeProvider.dll'
TpTrace Information: 0 : 4264, 1, 2023/03/02, 19:17:12.098, 8682079976945, vstest.console.dll, AssemblyResolver.OnResolve: Microsoft.VisualStudio.TestPlatform.Extensions.Html.TestLogger: Resolving assembly.
TpTrace Information: 0 : 4264, 1, 2023/03/02, 19:17:12.098, 8682079977429, vstest.console.dll, AssemblyResolver.OnResolve: Microsoft.VisualStudio.TestPlatform.Extensions.Html.TestLogger: Searching in: 'C:\Program Files\dotnet\sdk\6.0.309\Extensions'.
TpTrace Information: 0 : 4264, 1, 2023/03/02, 19:17:12.099, 8682079986248, vstest.console.dll, AssemblyResolver.OnResolve: Microsoft.VisualStudio.TestPlatform.Extensions.Html.TestLogger: Loading assembly 'C:\Program Files\dotnet\sdk\6.0.309\Extensions\Microsoft.VisualStudio.TestPlatform.Extensions.Html.TestLogger.dll'.
TpTrace Information: 0 : 4264, 1, 2023/03/02, 19:17:12.100, 8682079995825, vstest.console.dll, AssemblyResolver.OnResolve: Resolved assembly: Microsoft.VisualStudio.TestPlatform.Extensions.Html.TestLogger, from path: C:\Program Files\dotnet\sdk\6.0.309\Extensions\Microsoft.VisualStudio.TestPlatform.Extensions.Html.TestLogger.dll
TpTrace Verbose: 0 : 4264, 1, 2023/03/02, 19:17:12.100, 8682079996704, vstest.console.dll, MetadataReaderExtensionsHelper: Discovering extensions inside assembly 'Microsoft.VisualStudio.TestPlatform.Extensions.Html.TestLogger, Version=15.0.0.0, Culture=neutral, PublicKeyToken=b03f5f7f11d50a3a' file path 'C:\Program Files\dotnet\sdk\6.0.309\Extensions\Microsoft.VisualStudio.TestPlatform.Extensions.Html.TestLogger.dll'
TpTrace Information: 0 : 4264, 1, 2023/03/02, 19:17:12.101, 8682080004596, vstest.console.dll, AssemblyResolver.OnResolve: Microsoft.VisualStudio.TestPlatform.Extensions.Trx.TestLogger: Resolving assembly.
TpTrace Information: 0 : 4264, 1, 2023/03/02, 19:17:12.101, 8682080005184, vstest.console.dll, AssemblyResolver.OnResolve: Microsoft.VisualStudio.TestPlatform.Extensions.Trx.TestLogger: Searching in: 'C:\Program Files\dotnet\sdk\6.0.309\Extensions'.
TpTrace Information: 0 : 4264, 1, 2023/03/02, 19:17:12.102, 8682080017437, vstest.console.dll, AssemblyResolver.OnResolve: Microsoft.VisualStudio.TestPlatform.Extensions.Trx.TestLogger: Loading assembly 'C:\Program Files\dotnet\sdk\6.0.309\Extensions\Microsoft.VisualStudio.TestPlatform.Extensions.Trx.TestLogger.dll'.
TpTrace Information: 0 : 4264, 1, 2023/03/02, 19:17:12.104, 8682080031329, vstest.console.dll, AssemblyResolver.OnResolve: Resolved assembly: Microsoft.VisualStudio.TestPlatform.Extensions.Trx.TestLogger, from path: C:\Program Files\dotnet\sdk\6.0.309\Extensions\Microsoft.VisualStudio.TestPlatform.Extensions.Trx.TestLogger.dll
TpTrace Verbose: 0 : 4264, 1, 2023/03/02, 19:17:12.104, 8682080032446, vstest.console.dll, MetadataReaderExtensionsHelper: Discovering extensions inside assembly 'Microsoft.VisualStudio.TestPlatform.Extensions.Trx.TestLogger, Version=15.0.0.0, Culture=neutral, PublicKeyToken=b03f5f7f11d50a3a' file path 'C:\Program Files\dotnet\sdk\6.0.309\Extensions\Microsoft.VisualStudio.TestPlatform.Extensions.Trx.TestLogger.dll'
TpTrace Verbose: 0 : 4264, 1, 2023/03/02, 19:17:12.105, 8682080048663, vstest.console.dll, TestPluginCache: Discovered the extensions using extension path ''.
TpTrace Verbose: 0 : 4264, 1, 2023/03/02, 19:17:12.106, 8682080050278, vstest.console.dll, TestPluginCache: Discoverers are ''.
TpTrace Verbose: 0 : 4264, 1, 2023/03/02, 19:17:12.106, 8682080050920, vstest.console.dll, TestPluginCache: Executors are ''.
TpTrace Verbose: 0 : 4264, 1, 2023/03/02, 19:17:12.106, 8682080051523, vstest.console.dll, TestPluginCache: Executors2 are ''.
TpTrace Verbose: 0 : 4264, 1, 2023/03/02, 19:17:12.106, 8682080051997, vstest.console.dll, TestPluginCache: Setting providers are ''.
TpTrace Verbose: 0 : 4264, 1, 2023/03/02, 19:17:12.106, 8682080052451, vstest.console.dll, TestPluginCache: Loggers are ''.
TpTrace Verbose: 0 : 4264, 1, 2023/03/02, 19:17:12.106, 8682080056405, vstest.console.dll, TestPluginCache: TestHosts are 'HostProvider://DefaultTestHost,HostProvider://DotnetTestHost'.
TpTrace Verbose: 0 : 4264, 1, 2023/03/02, 19:17:12.106, 8682080058677, vstest.console.dll, TestPluginCache: DataCollectors are ''.
TpTrace Information: 0 : 4264, 1, 2023/03/02, 19:17:12.140, 8682080397661, vstest.console.dll, RunTestsArgumentProcessor:Execute: Test run is starting.
TpTrace Verbose: 0 : 4264, 1, 2023/03/02, 19:17:12.141, 8682080398948, vstest.console.dll, RunTestsArgumentProcessor:Execute: Queuing Test run.
TpTrace Information: 0 : 4264, 1, 2023/03/02, 19:17:12.141, 8682080401982, vstest.console.dll, TestRequestManager.RunTests: run tests started.
TpTrace Information: 0 : 4264, 1, 2023/03/02, 19:17:12.143, 8682080423068, vstest.console.dll, AssemblyMetadataProvider.GetFrameWork: Determined framework:'.NETCoreApp,Version=v6.0' for source: 'C:\Users\nicky\Source\Repos\EPMMouser\EPM.Mouser.Interview.Tests\bin\Debug\net6.0\fine-code-coverage\build-output\EPM.Mouser.Interview.Tests.dll'
TpTrace Information: 0 : 4264, 1, 2023/03/02, 19:17:12.143, 8682080424859, vstest.console.dll, Determined framework for all sources: .NETCoreApp,Version=v6.0
TpTrace Verbose: 0 : 4264, 1, 2023/03/02, 19:17:12.144, 8682080429379, vstest.console.dll, TestRequestManager.UpdateRunSettingsIfRequired: Default architecture: X64 IsDefaultTargetArchitecture: True, Current process architecture: X64 OperatingSystem: Windows.
TpTrace Information: 0 : 4264, 1, 2023/03/02, 19:17:12.144, 8682080432670, vstest.console.dll, AssemblyMetadataProvider.GetArchitecture: Determined architecture:AnyCPU info for assembly: C:\Users\nicky\Source\Repos\EPMMouser\EPM.Mouser.Interview.Tests\bin\Debug\net6.0\fine-code-coverage\build-output\EPM.Mouser.Interview.Tests.dll
TpTrace Information: 0 : 4264, 1, 2023/03/02, 19:17:12.144, 8682080433153, vstest.console.dll, Determined platform for source 'C:\Users\nicky\Source\Repos\EPMMouser\EPM.Mouser.Interview.Tests\bin\Debug\net6.0\fine-code-coverage\build-output\EPM.Mouser.Interview.Tests.dll' is 'AnyCPU'
TpTrace Information: 0 : 4264, 1, 2023/03/02, 19:17:12.146, 8682080451265, vstest.console.dll, Determined platform for all sources: X64
TpTrace Information: 0 : 4264, 1, 2023/03/02, 19:17:12.146, 8682080452243, vstest.console.dll, Infered platform 'X64'.
TpTrace Information: 0 : 4264, 1, 2023/03/02, 19:17:12.146, 8682080452958, vstest.console.dll, Platform update to 'X64' required.
TpTrace Information: 0 : 4264, 1, 2023/03/02, 19:17:12.149, 8682080487236, vstest.console.dll, Compatible sources list: 
TpTrace Information: 0 : 4264, 1, 2023/03/02, 19:17:12.150, 8682080489069, vstest.console.dll, C:\Users\nicky\Source\Repos\EPMMouser\EPM.Mouser.Interview.Tests\bin\Debug\net6.0\fine-code-coverage\build-output\EPM.Mouser.Interview.Tests.dll
TpTrace Information: 0 : 4264, 1, 2023/03/02, 19:17:12.158, 8682080577761, vstest.console.dll, InferRunSettingsHelper.IsTestSettingsEnabled: Unable to navigate to RunSettings/MSTest. Current node: RunSettings
TpTrace Information: 0 : 4264, 1, 2023/03/02, 19:17:12.160, 8682080590017, vstest.console.dll, AssemblyResolver.OnResolve: Microsoft.VisualStudio.TestPlatform.Fakes: Resolving assembly.
TpTrace Information: 0 : 4264, 1, 2023/03/02, 19:17:12.160, 8682080591281, vstest.console.dll, AssemblyResolver.OnResolve: Microsoft.VisualStudio.TestPlatform.Fakes: Searching in: 'C:\Program Files\dotnet\sdk\6.0.309\Extensions'.
TpTrace Information: 0 : 4264, 1, 2023/03/02, 19:17:12.160, 8682080593014, vstest.console.dll, AssemblyResolver.OnResolve: Microsoft.VisualStudio.TestPlatform.Fakes: Assembly path does not exist: 'C:\Program Files\dotnet\sdk\6.0.309\Extensions\Microsoft.VisualStudio.TestPlatform.Fakes.dll', returning.
TpTrace Information: 0 : 4264, 1, 2023/03/02, 19:17:12.160, 8682080594203, vstest.console.dll, AssemblyResolver.OnResolve: Microsoft.VisualStudio.TestPlatform.Fakes: Assembly path does not exist: 'C:\Program Files\dotnet\sdk\6.0.309\Extensions\Microsoft.VisualStudio.TestPlatform.Fakes.exe', returning.
TpTrace Information: 0 : 4264, 1, 2023/03/02, 19:17:12.160, 8682080594777, vstest.console.dll, AssemblyResolver.OnResolve: Microsoft.VisualStudio.TestPlatform.Fakes: Searching in: 'C:\Program Files\dotnet\sdk\6.0.309'.
TpTrace Information: 0 : 4264, 1, 2023/03/02, 19:17:12.160, 8682080595810, vstest.console.dll, AssemblyResolver.OnResolve: Microsoft.VisualStudio.TestPlatform.Fakes: Assembly path does not exist: 'C:\Program Files\dotnet\sdk\6.0.309\Microsoft.VisualStudio.TestPlatform.Fakes.dll', returning.
TpTrace Information: 0 : 4264, 1, 2023/03/02, 19:17:12.160, 8682080596769, vstest.console.dll, AssemblyResolver.OnResolve: Microsoft.VisualStudio.TestPlatform.Fakes: Assembly path does not exist: 'C:\Program Files\dotnet\sdk\6.0.309\Microsoft.VisualStudio.TestPlatform.Fakes.exe', returning.
TpTrace Information: 0 : 4264, 1, 2023/03/02, 19:17:12.160, 8682080597224, vstest.console.dll, AssemblyResolver.OnResolve: Microsoft.VisualStudio.TestPlatform.Fakes: Failed to load assembly.
TpTrace Information: 0 : 4264, 1, 2023/03/02, 19:17:12.161, 8682080601104, vstest.console.dll, Failed to load assembly Microsoft.VisualStudio.TestPlatform.Fakes, Version=17.0.0.0, Culture=neutral. Reason:System.IO.FileNotFoundException: Could not load file or assembly 'Microsoft.VisualStudio.TestPlatform.Fakes, Version=17.0.0.0, Culture=neutral, PublicKeyToken=null'. The system cannot find the file specified.
File name: 'Microsoft.VisualStudio.TestPlatform.Fakes, Version=17.0.0.0, Culture=neutral, PublicKeyToken=null'
   at System.Reflection.RuntimeAssembly.InternalLoad(ObjectHandleOnStack assemblyName, ObjectHandleOnStack requestingAssembly, StackCrawlMarkHandle stackMark, Boolean throwOnFileNotFound, ObjectHandleOnStack assemblyLoadContext, ObjectHandleOnStack retAssembly)
   at System.Reflection.RuntimeAssembly.InternalLoad(AssemblyName assemblyName, RuntimeAssembly requestingAssembly, StackCrawlMark& stackMark, Boolean throwOnFileNotFound, AssemblyLoadContext assemblyLoadContext)
   at System.Reflection.Assembly.Load(AssemblyName assemblyRef)
   at Microsoft.VisualStudio.TestPlatform.Common.Utilities.FakesUtilities.LoadTestPlatformAssembly()
TpTrace Verbose: 0 : 4264, 1, 2023/03/02, 19:17:12.168, 8682080669759, vstest.console.dll, TestPluginCache.DiscoverTestExtensions: finding test extensions in assemblies ends with: TestLogger.dll TPluginInfo: Microsoft.VisualStudio.TestPlatform.Common.ExtensionFramework.Utilities.TestLoggerPluginInformation TExtension: Microsoft.VisualStudio.TestPlatform.ObjectModel.Client.ITestLogger
TpTrace Verbose: 0 : 4264, 1, 2023/03/02, 19:17:12.168, 8682080671664, vstest.console.dll, TestPluginCache.GetExtensionPaths: Filtered extension paths: 
TpTrace Verbose: 0 : 4264, 1, 2023/03/02, 19:17:12.168, 8682080672469, vstest.console.dll, TestPluginCache.GetExtensionPaths: Added default extension paths: C:\Program Files\dotnet\sdk\6.0.309\Extensions\DumpMinitool.exe
C:\Program Files\dotnet\sdk\6.0.309\Extensions\DumpMinitool.x86.exe
C:\Program Files\dotnet\sdk\6.0.309\Extensions\Microsoft.Diagnostics.NETCore.Client.dll
C:\Program Files\dotnet\sdk\6.0.309\Extensions\Microsoft.TestPlatform.Extensions.BlameDataCollector.dll
C:\Program Files\dotnet\sdk\6.0.309\Extensions\Microsoft.TestPlatform.Extensions.EventLogCollector.dll
C:\Program Files\dotnet\sdk\6.0.309\Extensions\Microsoft.TestPlatform.TestHostRuntimeProvider.dll
C:\Program Files\dotnet\sdk\6.0.309\Extensions\Microsoft.VisualStudio.TestPlatform.Extensions.Html.TestLogger.dll
C:\Program Files\dotnet\sdk\6.0.309\Extensions\Microsoft.VisualStudio.TestPlatform.Extensions.Trx.TestLogger.dll
TpTrace Verbose: 0 : 4264, 1, 2023/03/02, 19:17:12.168, 8682080673208, vstest.console.dll, TestPluginCache.GetExtensionPaths: Added unfilterableExtensionPaths: 
TpTrace Information: 0 : 4264, 1, 2023/03/02, 19:17:12.168, 8682080675685, vstest.console.dll, AssemblyResolver.AddSearchDirectories: Adding more searchDirectories C:\Program Files\dotnet\sdk\6.0.309\Extensions,C:\Program Files\dotnet\sdk\6.0.309
TpTrace Verbose: 0 : 4264, 1, 2023/03/02, 19:17:12.168, 8682080676547, vstest.console.dll, TestPluginCache.DiscoverTestExtensions: Discovering the extensions using extension path.
TpTrace Verbose: 0 : 4264, 1, 2023/03/02, 19:17:12.168, 8682080677511, vstest.console.dll, TestPluginCache.GetExtensionPaths: Filtered extension paths: 
TpTrace Verbose: 0 : 4264, 1, 2023/03/02, 19:17:12.168, 8682080678105, vstest.console.dll, TestPluginCache.GetExtensionPaths: Added default extension paths: C:\Program Files\dotnet\sdk\6.0.309\Extensions\DumpMinitool.exe
C:\Program Files\dotnet\sdk\6.0.309\Extensions\DumpMinitool.x86.exe
C:\Program Files\dotnet\sdk\6.0.309\Extensions\Microsoft.Diagnostics.NETCore.Client.dll
C:\Program Files\dotnet\sdk\6.0.309\Extensions\Microsoft.TestPlatform.Extensions.BlameDataCollector.dll
C:\Program Files\dotnet\sdk\6.0.309\Extensions\Microsoft.TestPlatform.Extensions.EventLogCollector.dll
C:\Program Files\dotnet\sdk\6.0.309\Extensions\Microsoft.TestPlatform.TestHostRuntimeProvider.dll
C:\Program Files\dotnet\sdk\6.0.309\Extensions\Microsoft.VisualStudio.TestPlatform.Extensions.Html.TestLogger.dll
C:\Program Files\dotnet\sdk\6.0.309\Extensions\Microsoft.VisualStudio.TestPlatform.Extensions.Trx.TestLogger.dll
TpTrace Verbose: 0 : 4264, 1, 2023/03/02, 19:17:12.168, 8682080678776, vstest.console.dll, TestPluginCache.GetExtensionPaths: Added unfilterableExtensionPaths: 
TpTrace Verbose: 0 : 4264, 1, 2023/03/02, 19:17:12.169, 8682080679318, vstest.console.dll, TestPluginCache.DiscoverTestExtensions: Discovering the extensions using allExtensionPaths: C:\Program Files\dotnet\sdk\6.0.309\Extensions\DumpMinitool.exe
C:\Program Files\dotnet\sdk\6.0.309\Extensions\DumpMinitool.x86.exe
C:\Program Files\dotnet\sdk\6.0.309\Extensions\Microsoft.Diagnostics.NETCore.Client.dll
C:\Program Files\dotnet\sdk\6.0.309\Extensions\Microsoft.TestPlatform.Extensions.BlameDataCollector.dll
C:\Program Files\dotnet\sdk\6.0.309\Extensions\Microsoft.TestPlatform.Extensions.EventLogCollector.dll
C:\Program Files\dotnet\sdk\6.0.309\Extensions\Microsoft.TestPlatform.TestHostRuntimeProvider.dll
C:\Program Files\dotnet\sdk\6.0.309\Extensions\Microsoft.VisualStudio.TestPlatform.Extensions.Html.TestLogger.dll
C:\Program Files\dotnet\sdk\6.0.309\Extensions\Microsoft.VisualStudio.TestPlatform.Extensions.Trx.TestLogger.dll
TpTrace Information: 0 : 4264, 1, 2023/03/02, 19:17:12.169, 8682080680134, vstest.console.dll, AssemblyResolver.AddSearchDirectories: Adding more searchDirectories C:\Program Files\dotnet\sdk\6.0.309\Extensions,C:\Program Files\dotnet\sdk\6.0.309
TpTrace Information: 0 : 4264, 1, 2023/03/02, 19:17:12.169, 8682080680679, vstest.console.dll, AssemblyResolver.AddSearchDirectories: Adding more searchDirectories C:\Program Files\dotnet\sdk\6.0.309\Extensions,C:\Program Files\dotnet\sdk\6.0.309
TpTrace Information: 0 : 4264, 1, 2023/03/02, 19:17:12.169, 8682080681175, vstest.console.dll, AssemblyResolver.AddSearchDirectories: Adding more searchDirectories C:\Program Files\dotnet\sdk\6.0.309\Extensions,C:\Program Files\dotnet\sdk\6.0.309
TpTrace Information: 0 : 4264, 1, 2023/03/02, 19:17:12.169, 8682080681756, vstest.console.dll, AssemblyResolver.AddSearchDirectories: Adding more searchDirectories C:\Program Files\dotnet\sdk\6.0.309\Extensions,C:\Program Files\dotnet\sdk\6.0.309
TpTrace Information: 0 : 4264, 1, 2023/03/02, 19:17:12.169, 8682080682334, vstest.console.dll, AssemblyResolver.AddSearchDirectories: Adding more searchDirectories C:\Program Files\dotnet\sdk\6.0.309\Extensions,C:\Program Files\dotnet\sdk\6.0.309
TpTrace Information: 0 : 4264, 1, 2023/03/02, 19:17:12.169, 8682080683018, vstest.console.dll, AssemblyResolver.AddSearchDirectories: Adding more searchDirectories C:\Program Files\dotnet\sdk\6.0.309\Extensions,C:\Program Files\dotnet\sdk\6.0.309
TpTrace Information: 0 : 4264, 1, 2023/03/02, 19:17:12.169, 8682080683866, vstest.console.dll, AssemblyResolver.AddSearchDirectories: Adding more searchDirectories C:\Program Files\dotnet\sdk\6.0.309\Extensions,C:\Program Files\dotnet\sdk\6.0.309
TpTrace Information: 0 : 4264, 1, 2023/03/02, 19:17:12.169, 8682080686613, vstest.console.dll, AssemblyResolver.AddSearchDirectories: Adding more searchDirectories C:\Program Files\dotnet\sdk\6.0.309\Extensions,C:\Program Files\dotnet\sdk\6.0.309
TpTrace Verbose: 0 : 4264, 1, 2023/03/02, 19:17:12.170, 8682080689866, vstest.console.dll, MetadataReaderExtensionsHelper: Discovering extensions inside assembly 'DumpMinitool, Version=15.0.0.0, Culture=neutral, PublicKeyToken=b03f5f7f11d50a3a' file path 'C:\Program Files\dotnet\sdk\6.0.309\Extensions\DumpMinitool.exe'
TpTrace Verbose: 0 : 4264, 1, 2023/03/02, 19:17:12.171, 8682080700820, vstest.console.dll, MetadataReaderExtensionsHelper: Discovering extensions inside assembly 'DumpMinitool.x86, Version=15.0.0.0, Culture=neutral, PublicKeyToken=b03f5f7f11d50a3a' file path 'C:\Program Files\dotnet\sdk\6.0.309\Extensions\DumpMinitool.x86.exe'
TpTrace Verbose: 0 : 4264, 1, 2023/03/02, 19:17:12.172, 8682080710668, vstest.console.dll, MetadataReaderExtensionsHelper: Discovering extensions inside assembly 'Microsoft.Diagnostics.NETCore.Client, Version=0.2.5.801, Culture=neutral, PublicKeyToken=31bf3856ad364e35' file path 'C:\Program Files\dotnet\sdk\6.0.309\Extensions\Microsoft.Diagnostics.NETCore.Client.dll'
TpTrace Information: 0 : 4264, 1, 2023/03/02, 19:17:12.173, 8682080723271, vstest.console.dll, AssemblyResolver.OnResolve: Microsoft.Bcl.AsyncInterfaces: Resolving assembly.
TpTrace Information: 0 : 4264, 1, 2023/03/02, 19:17:12.173, 8682080724739, vstest.console.dll, AssemblyResolver.OnResolve: Microsoft.Bcl.AsyncInterfaces: Resolved from cache.
TpTrace Verbose: 0 : 4264, 1, 2023/03/02, 19:17:12.173, 8682080725365, vstest.console.dll, CurrentDomainAssemblyResolve: Resolving assembly 'Microsoft.Bcl.AsyncInterfaces'.
TpTrace Information: 0 : 4264, 1, 2023/03/02, 19:17:12.173, 8682080726211, vstest.console.dll, AssemblyResolver.OnResolve: Microsoft.Bcl.AsyncInterfaces: Resolving assembly.
TpTrace Information: 0 : 4264, 1, 2023/03/02, 19:17:12.173, 8682080726694, vstest.console.dll, AssemblyResolver.OnResolve: Microsoft.Bcl.AsyncInterfaces: Resolved from cache.
TpTrace Verbose: 0 : 4264, 1, 2023/03/02, 19:17:12.173, 8682080727318, vstest.console.dll, CurrentDomainAssemblyResolve: Resolving assembly 'Microsoft.Bcl.AsyncInterfaces'.
TpTrace Verbose: 0 : 4264, 1, 2023/03/02, 19:17:12.173, 8682080727907, vstest.console.dll, CurrentDomainAssemblyResolve: Failed to resolve assembly 'Microsoft.Bcl.AsyncInterfaces'.
TpTrace Verbose: 0 : 4264, 1, 2023/03/02, 19:17:12.174, 8682080730429, vstest.console.dll, CurrentDomainAssemblyResolve: Failed to resolve assembly 'Microsoft.Bcl.AsyncInterfaces'.
TpTrace Warning: 0 : 4264, 1, 2023/03/02, 19:17:12.174, 8682080736600, vstest.console.dll, TestPluginDiscoverer: Failed to get types from assembly 'Microsoft.Diagnostics.NETCore.Client, Version=0.2.5.801, Culture=neutral, PublicKeyToken=31bf3856ad364e35'. Error: System.Reflection.ReflectionTypeLoadException: Unable to load one or more of the requested types.
Could not load file or assembly 'Microsoft.Bcl.AsyncInterfaces, Version=1.0.0.0, Culture=neutral, PublicKeyToken=cc7b13ffcd2ddd51'. The system cannot find the file specified.
   at System.Reflection.RuntimeModule.GetTypes(RuntimeModule module)
   at System.Reflection.Assembly.GetTypes()
   at Microsoft.VisualStudio.TestPlatform.Common.ExtensionFramework.TestPluginDiscoverer.GetTestExtensionsFromAssembly[TPluginInfo,TExtension](Assembly assembly, Dictionary`2 pluginInfos, String filePath)
System.IO.FileNotFoundException: Could not load file or assembly 'Microsoft.Bcl.AsyncInterfaces, Version=1.0.0.0, Culture=neutral, PublicKeyToken=cc7b13ffcd2ddd51'. The system cannot find the file specified.
File name: 'Microsoft.Bcl.AsyncInterfaces, Version=1.0.0.0, Culture=neutral, PublicKeyToken=cc7b13ffcd2ddd51'
 ---> System.IO.FileNotFoundException: Could not load file or assembly 'Microsoft.Bcl.AsyncInterfaces, Culture=neutral, PublicKeyToken=null'. The system cannot find the file specified.
File name: 'Microsoft.Bcl.AsyncInterfaces, Culture=neutral, PublicKeyToken=null'
   at System.Reflection.RuntimeAssembly.InternalLoad(ObjectHandleOnStack assemblyName, ObjectHandleOnStack requestingAssembly, StackCrawlMarkHandle stackMark, Boolean throwOnFileNotFound, ObjectHandleOnStack assemblyLoadContext, ObjectHandleOnStack retAssembly)
   at System.Reflection.RuntimeAssembly.InternalLoad(AssemblyName assemblyName, RuntimeAssembly requestingAssembly, StackCrawlMark& stackMark, Boolean throwOnFileNotFound, AssemblyLoadContext assemblyLoadContext)
   at System.Reflection.Assembly.Load(AssemblyName assemblyRef)
   at Microsoft.VisualStudio.TestPlatform.Common.ExtensionFramework.TestPluginCache.CurrentDomainAssemblyResolve(Object sender, AssemblyResolveEventArgs args)
   at Microsoft.VisualStudio.TestPlatform.PlatformAbstractions.PlatformAssemblyResolver.AssemblyResolverEvent(Object sender, Object eventArgs)
   at System.Runtime.Loader.AssemblyLoadContext.GetFirstResolvedAssemblyFromResolvingEvent(AssemblyName assemblyName)
   at System.Runtime.Loader.AssemblyLoadContext.ResolveUsingEvent(AssemblyName assemblyName)
   at System.Runtime.Loader.AssemblyLoadContext.ResolveUsingResolvingEvent(IntPtr gchManagedAssemblyLoadContext, AssemblyName assemblyName)
TpTrace Warning: 0 : 4264, 1, 2023/03/02, 19:17:12.175, 8682080739823, vstest.console.dll, LoaderExceptions: System.IO.FileNotFoundException: Could not load file or assembly 'Microsoft.Bcl.AsyncInterfaces, Version=1.0.0.0, Culture=neutral, PublicKeyToken=cc7b13ffcd2ddd51'. The system cannot find the file specified.
File name: 'Microsoft.Bcl.AsyncInterfaces, Version=1.0.0.0, Culture=neutral, PublicKeyToken=cc7b13ffcd2ddd51'
 ---> System.IO.FileNotFoundException: Could not load file or assembly 'Microsoft.Bcl.AsyncInterfaces, Culture=neutral, PublicKeyToken=null'. The system cannot find the file specified.
File name: 'Microsoft.Bcl.AsyncInterfaces, Culture=neutral, PublicKeyToken=null'
   at System.Reflection.RuntimeAssembly.InternalLoad(ObjectHandleOnStack assemblyName, ObjectHandleOnStack requestingAssembly, StackCrawlMarkHandle stackMark, Boolean throwOnFileNotFound, ObjectHandleOnStack assemblyLoadContext, ObjectHandleOnStack retAssembly)
   at System.Reflection.RuntimeAssembly.InternalLoad(AssemblyName assemblyName, RuntimeAssembly requestingAssembly, StackCrawlMark& stackMark, Boolean throwOnFileNotFound, AssemblyLoadContext assemblyLoadContext)
   at System.Reflection.Assembly.Load(AssemblyName assemblyRef)
   at Microsoft.VisualStudio.TestPlatform.Common.ExtensionFramework.TestPluginCache.CurrentDomainAssemblyResolve(Object sender, AssemblyResolveEventArgs args)
   at Microsoft.VisualStudio.TestPlatform.PlatformAbstractions.PlatformAssemblyResolver.AssemblyResolverEvent(Object sender, Object eventArgs)
   at System.Runtime.Loader.AssemblyLoadContext.GetFirstResolvedAssemblyFromResolvingEvent(AssemblyName assemblyName)
   at System.Runtime.Loader.AssemblyLoadContext.ResolveUsingEvent(AssemblyName assemblyName)
   at System.Runtime.Loader.AssemblyLoadContext.ResolveUsingResolvingEvent(IntPtr gchManagedAssemblyLoadContext, AssemblyName assemblyName)
TpTrace Verbose: 0 : 4264, 1, 2023/03/02, 19:17:12.175, 8682080741586, vstest.console.dll, MetadataReaderExtensionsHelper: Discovering extensions inside assembly 'Microsoft.TestPlatform.Extensions.BlameDataCollector, Version=15.0.0.0, Culture=neutral, PublicKeyToken=b03f5f7f11d50a3a' file path 'C:\Program Files\dotnet\sdk\6.0.309\Extensions\Microsoft.TestPlatform.Extensions.BlameDataCollector.dll'
TpTrace Information: 0 : 4264, 1, 2023/03/02, 19:17:12.177, 8682080758962, vstest.console.dll, GetTestExtensionFromType: Register extension with identifier data 'logger://Microsoft/TestPlatform/Extensions/Blame/v1' and type 'Microsoft.TestPlatform.Extensions.BlameDataCollector.BlameLogger, Microsoft.TestPlatform.Extensions.BlameDataCollector, Version=15.0.0.0, Culture=neutral, PublicKeyToken=b03f5f7f11d50a3a' inside file 'C:\Program Files\dotnet\sdk\6.0.309\Extensions\Microsoft.TestPlatform.Extensions.BlameDataCollector.dll'
TpTrace Verbose: 0 : 4264, 1, 2023/03/02, 19:17:12.177, 8682080760987, vstest.console.dll, MetadataReaderExtensionsHelper: Discovering extensions inside assembly 'Microsoft.TestPlatform.Extensions.EventLogCollector, Version=15.0.0.0, Culture=neutral, PublicKeyToken=b03f5f7f11d50a3a' file path 'C:\Program Files\dotnet\sdk\6.0.309\Extensions\Microsoft.TestPlatform.Extensions.EventLogCollector.dll'
TpTrace Verbose: 0 : 4264, 1, 2023/03/02, 19:17:12.178, 8682080769953, vstest.console.dll, MetadataReaderExtensionsHelper: Discovering extensions inside assembly 'Microsoft.TestPlatform.TestHostRuntimeProvider, Version=15.0.0.0, Culture=neutral, PublicKeyToken=b03f5f7f11d50a3a' file path 'C:\Program Files\dotnet\sdk\6.0.309\Extensions\Microsoft.TestPlatform.TestHostRuntimeProvider.dll'
TpTrace Verbose: 0 : 4264, 1, 2023/03/02, 19:17:12.178, 8682080778783, vstest.console.dll, MetadataReaderExtensionsHelper: Discovering extensions inside assembly 'Microsoft.VisualStudio.TestPlatform.Extensions.Html.TestLogger, Version=15.0.0.0, Culture=neutral, PublicKeyToken=b03f5f7f11d50a3a' file path 'C:\Program Files\dotnet\sdk\6.0.309\Extensions\Microsoft.VisualStudio.TestPlatform.Extensions.Html.TestLogger.dll'
TpTrace Information: 0 : 4264, 1, 2023/03/02, 19:17:12.180, 8682080788939, vstest.console.dll, GetTestExtensionFromType: Register extension with identifier data 'logger://Microsoft/TestPlatform/HtmlLogger/v1' and type 'Microsoft.VisualStudio.TestPlatform.Extensions.HtmlLogger.HtmlLogger, Microsoft.VisualStudio.TestPlatform.Extensions.Html.TestLogger, Version=15.0.0.0, Culture=neutral, PublicKeyToken=b03f5f7f11d50a3a' inside file 'C:\Program Files\dotnet\sdk\6.0.309\Extensions\Microsoft.VisualStudio.TestPlatform.Extensions.Html.TestLogger.dll'
TpTrace Verbose: 0 : 4264, 1, 2023/03/02, 19:17:12.180, 8682080791056, vstest.console.dll, MetadataReaderExtensionsHelper: Discovering extensions inside assembly 'Microsoft.VisualStudio.TestPlatform.Extensions.Trx.TestLogger, Version=15.0.0.0, Culture=neutral, PublicKeyToken=b03f5f7f11d50a3a' file path 'C:\Program Files\dotnet\sdk\6.0.309\Extensions\Microsoft.VisualStudio.TestPlatform.Extensions.Trx.TestLogger.dll'
TpTrace Information: 0 : 4264, 1, 2023/03/02, 19:17:12.181, 8682080800314, vstest.console.dll, GetTestExtensionFromType: Register extension with identifier data 'logger://Microsoft/TestPlatform/TrxLogger/v1' and type 'Microsoft.VisualStudio.TestPlatform.Extensions.TrxLogger.TrxLogger, Microsoft.VisualStudio.TestPlatform.Extensions.Trx.TestLogger, Version=15.0.0.0, Culture=neutral, PublicKeyToken=b03f5f7f11d50a3a' inside file 'C:\Program Files\dotnet\sdk\6.0.309\Extensions\Microsoft.VisualStudio.TestPlatform.Extensions.Trx.TestLogger.dll'
TpTrace Verbose: 0 : 4264, 1, 2023/03/02, 19:17:12.181, 8682080802159, vstest.console.dll, TestPluginCache: Discovered the extensions using extension path ''.
TpTrace Verbose: 0 : 4264, 1, 2023/03/02, 19:17:12.181, 8682080802815, vstest.console.dll, TestPluginCache: Discoverers are ''.
TpTrace Verbose: 0 : 4264, 1, 2023/03/02, 19:17:12.181, 8682080803503, vstest.console.dll, TestPluginCache: Executors are ''.
TpTrace Verbose: 0 : 4264, 1, 2023/03/02, 19:17:12.181, 8682080804001, vstest.console.dll, TestPluginCache: Executors2 are ''.
TpTrace Verbose: 0 : 4264, 1, 2023/03/02, 19:17:12.181, 8682080804424, vstest.console.dll, TestPluginCache: Setting providers are ''.
TpTrace Verbose: 0 : 4264, 1, 2023/03/02, 19:17:12.181, 8682080805832, vstest.console.dll, TestPluginCache: Loggers are 'logger://Microsoft/TestPlatform/Extensions/Blame/v1,logger://Microsoft/TestPlatform/HtmlLogger/v1,logger://Microsoft/TestPlatform/TrxLogger/v1'.
TpTrace Verbose: 0 : 4264, 1, 2023/03/02, 19:17:12.181, 8682080806751, vstest.console.dll, TestPluginCache: TestHosts are 'HostProvider://DefaultTestHost,HostProvider://DotnetTestHost'.
TpTrace Verbose: 0 : 4264, 1, 2023/03/02, 19:17:12.181, 8682080807269, vstest.console.dll, TestPluginCache: DataCollectors are ''.
TpTrace Information: 0 : 4264, 1, 2023/03/02, 19:17:12.183, 8682080820459, vstest.console.dll, TestPluginManager.CreateTestExtension: Attempting to load test extension: Microsoft.TestPlatform.Extensions.BlameDataCollector.BlameLogger
TpTrace Information: 0 : 4264, 1, 2023/03/02, 19:17:12.192, 8682080914868, vstest.console.dll, TestPluginManager.CreateTestExtension: Attempting to load test extension: Microsoft.VisualStudio.TestPlatform.CrossPlatEngine.Hosting.DefaultTestHostManager
TpTrace Information: 0 : 4264, 1, 2023/03/02, 19:17:12.193, 8682080924838, vstest.console.dll, TestPluginManager.CreateTestExtension: Attempting to load test extension: Microsoft.VisualStudio.TestPlatform.CrossPlatEngine.Hosting.DotnetTestHostManager
TpTrace Verbose: 0 : 4264, 1, 2023/03/02, 19:17:12.194, 8682080936181, vstest.console.dll, TestEngine: Initializing Parallel Execution as MaxCpuCount is set to: 1
TpTrace Information: 0 : 4264, 1, 2023/03/02, 19:17:12.196, 8682080952057, vstest.console.dll, InferRunSettingsHelper.IsTestSettingsEnabled: Unable to navigate to RunSettings/MSTest. Current node: RunSettings
TpTrace Verbose: 0 : 4264, 1, 2023/03/02, 19:17:12.198, 8682080972100, vstest.console.dll, TestRequestSender is acting as server.
TpTrace Verbose: 0 : 4264, 1, 2023/03/02, 19:17:12.200, 8682080991195, vstest.console.dll, TestEngine.GetExecutionManager: Chosen execution manager 'Microsoft.VisualStudio.TestPlatform.CrossPlatEngine.Client.Parallel.ParallelProxyExecutionManager, Microsoft.TestPlatform.CrossPlatEngine, Version=15.0.0.0, Culture=neutral, PublicKeyToken=b03f5f7f11d50a3a' ParallelLevel '1' Shared host 'False'
TpTrace Verbose: 0 : 4264, 5, 2023/03/02, 19:17:12.204, 8682081032124, vstest.console.dll, DataCollectionRequestSender.InitializeCommunication : Initialize communication. 
TpTrace Information: 0 : 4264, 5, 2023/03/02, 19:17:12.214, 8682081136573, vstest.console.dll, Listening on Endpoint : 127.0.0.1:50924
TpTrace Verbose: 0 : 4264, 5, 2023/03/02, 19:17:12.226, 8682081252753, vstest.console.dll, DotnetDataCollectionLauncher: Full path of dotnet.exe is C:\Program Files\dotnet\dotnet.exe
TpTrace Verbose: 0 : 4264, 5, 2023/03/02, 19:17:12.226, 8682081254832, vstest.console.dll, DotnetDataCollectionLauncher: Adding  --runtimeconfig "C:\Program Files\dotnet\sdk\6.0.309\datacollector.runtimeconfig.json" in args
TpTrace Verbose: 0 : 4264, 5, 2023/03/02, 19:17:12.226, 8682081255781, vstest.console.dll, DotnetDataCollectionLauncher: Adding  --depsfile "C:\Program Files\dotnet\sdk\6.0.309\datacollector.deps.json" in args
TpTrace Information: 0 : 4264, 5, 2023/03/02, 19:17:12.246, 8682081457698, vstest.console.dll, ProxyDataCollectionManager.Initialize: Launched datacollector processId: 42052 port: 50924
TpTrace Information: 0 : 4264, 5, 2023/03/02, 19:17:12.247, 8682081460025, vstest.console.dll, ProxyDataCollectionManager.Initialize: waiting for connection with timeout: 90 seconds
TpTrace Verbose: 0 : 4264, 5, 2023/03/02, 19:17:12.247, 8682081460868, vstest.console.dll, DataCollectionRequestSender.WaitForRequestHandlerConnection : Waiting for connection with timeout: 90000
TpTrace Information: 0 : 4264, 8, 2023/03/02, 19:17:12.525, 8682084239938, vstest.console.dll, Using the buffer size of 16384 bytes
TpTrace Verbose: 0 : 4264, 5, 2023/03/02, 19:17:12.525, 8682084240206, vstest.console.dll, SocketCommunicationManager.WaitForClientConnection took: 277 ms, with 90000 ms timeout, and finished with True.
TpTrace Information: 0 : 4264, 8, 2023/03/02, 19:17:12.525, 8682084241788, vstest.console.dll, Accepted Client request and set the flag
TpTrace Verbose: 0 : 4264, 5, 2023/03/02, 19:17:12.525, 8682084243691, vstest.console.dll, ProxyDataCollectionManager.InvokeDataCollectionServiceAction: Starting.
TpTrace Information: 0 : 4264, 5, 2023/03/02, 19:17:12.525, 8682084245285, vstest.console.dll, ProxyDataCollectionManager.BeforeTestRunStart: Get environment variable and port for datacollector processId: 42052 port: 50924
TpTrace Verbose: 0 : 4264, 5, 2023/03/02, 19:17:12.525, 8682084247304, vstest.console.dll, DataCollectionRequestSender.SendBeforeTestRunStartAndGetResult: Send BeforeTestRunStart message with settingsXml <RunSettings><RunConfiguration><ResultsDirectory>C:\Users\nicky\Source\Repos\EPMMouser\EPM.Mouser.Interview.Tests\bin\Debug\net6.0\fine-code-coverage\coverage-tool-output</ResultsDirectory><TargetPlatform>X64</TargetPlatform><TargetFrameworkVersion>.NETCoreApp,Version=v6.0</TargetFrameworkVersion><DesignMode>False</DesignMode><CollectSourceInformation>False</CollectSourceInformation><TestAdaptersPaths>C:\Program Files\dotnet\sdk\6.0.309\Extensions</TestAdaptersPaths></RunConfiguration><LoggerRunSettings><Loggers><Logger friendlyName="blame" enabled="True" /><Logger friendlyName="Console" uri="logger://microsoft/TestPlatform/ConsoleLogger/v1" assemblyQualifiedName="Microsoft.VisualStudio.TestPlatform.CommandLine.Internal.ConsoleLogger, vstest.console, Version=15.0.0.0, Culture=neutral, PublicKeyToken=b03f5f7f11d50a3a" codeBase="C:\Program Files\dotnet\sdk\6.0.309\vstest.console.dll" enabled="True" /></Loggers></LoggerRunSettings><DataCollectionRunSettings><DataCollectors><DataCollector friendlyName="blame" enabled="True"><Configuration><ResultsDirectory>C:\Users\nicky\Source\Repos\EPMMouser\EPM.Mouser.Interview.Tests\bin\Debug\net6.0\fine-code-coverage\coverage-tool-output</ResultsDirectory></Configuration></DataCollector></DataCollectors></DataCollectionRunSettings></RunSettings> and sources System.Linq.Enumerable+Concat2Iterator`1[System.String]: 
TpTrace Verbose: 0 : 4264, 5, 2023/03/02, 19:17:12.623, 8682085219418, vstest.console.dll, DataCollectionRequestSender.SendBeforeTestRunStartAndGetResult: Received message: (DataCollection.SendMessage) -> {
  "FriendlyName": null,
  "Uri": null,
  "TestCaseId": "00000000-0000-0000-0000-000000000000",
  "Message": "Logging DataCollector Diagnostics in file: C:\\Users\\nicky\\Source\\Repos\\EPMMouser\\EPM.Mouser.Interview.Tests\\bin\\Debug\\net6.0\\fine-code-coverage\\coverage-tool-output\\diagnostics.datacollector.23-03-02_19-17-12_22605_5.log",
  "Level": 0
}
TpTrace Verbose: 0 : 4264, 5, 2023/03/02, 19:17:12.714, 8682086133032, vstest.console.dll, DataCollectionRequestSender.SendBeforeTestRunStartAndGetResult: Received message: (DataCollection.BeforeTestRunStartResult) -> {
  "EnvironmentVariables": {},
  "DataCollectionEventsPort": 50928
}
TpTrace Information: 0 : 4264, 5, 2023/03/02, 19:17:12.720, 8682086192822, vstest.console.dll, ProxyDataCollectionManager.BeforeTestRunStart: SendBeforeTestRunStartAndGetResult successful, env variable from datacollector:   and testhost port: 50928
TpTrace Information: 0 : 4264, 5, 2023/03/02, 19:17:12.720, 8682086194123, vstest.console.dll, ProxyDataCollectionManager.InvokeDataCollectionServiceAction: Completed.
TpTrace Verbose: 0 : 4264, 1, 2023/03/02, 19:17:12.720, 8682086195678, vstest.console.dll, TestRunRequest.ExecuteAsync: Creating test run request.
TpTrace Verbose: 0 : 4264, 1, 2023/03/02, 19:17:12.720, 8682086198682, vstest.console.dll, TestRunRequest.ExecuteAsync: Starting.
TpTrace Information: 0 : 4264, 1, 2023/03/02, 19:17:12.721, 8682086201851, vstest.console.dll, TestRunRequest.ExecuteAsync: Starting run with settings:TestRunCriteria:
   KeepAlive=False,FrequencyOfRunStatsChangeEvent=10,RunStatsChangeEventTimeout=00:00:01.5000000,TestCaseFilter=,TestExecutorLauncher=
   Settingsxml=<RunSettings>
  <RunConfiguration>
    <ResultsDirectory>C:\Users\nicky\Source\Repos\EPMMouser\EPM.Mouser.Interview.Tests\bin\Debug\net6.0\fine-code-coverage\coverage-tool-output</ResultsDirectory>
    <TargetPlatform>X64</TargetPlatform>
    <TargetFrameworkVersion>.NETCoreApp,Version=v6.0</TargetFrameworkVersion>
    <DesignMode>False</DesignMode>
    <CollectSourceInformation>False</CollectSourceInformation>
  </RunConfiguration>
  <LoggerRunSettings>
    <Loggers>
      <Logger friendlyName="blame" enabled="True" />
      <Logger friendlyName="Console" uri="logger://microsoft/TestPlatform/ConsoleLogger/v1" assemblyQualifiedName="Microsoft.VisualStudio.TestPlatform.CommandLine.Internal.ConsoleLogger, vstest.console, Version=15.0.0.0, Culture=neutral, PublicKeyToken=b03f5f7f11d50a3a" codeBase="C:\Program Files\dotnet\sdk\6.0.309\vstest.console.dll" enabled="True" />
    </Loggers>
  </LoggerRunSettings>
  <DataCollectionRunSettings>
    <DataCollectors>
      <DataCollector friendlyName="blame" enabled="True">
        <Configuration>
          <ResultsDirectory>C:\Users\nicky\Source\Repos\EPMMouser\EPM.Mouser.Interview.Tests\bin\Debug\net6.0\fine-code-coverage\coverage-tool-output</ResultsDirectory>
        </Configuration>
      </DataCollector>
    </DataCollectors>
  </DataCollectionRunSettings>
</RunSettings>

TpTrace Verbose: 0 : 4264, 1, 2023/03/02, 19:17:12.721, 8682086202409, vstest.console.dll, TestRunRequest.ExecuteAsync: Wait for the first run request is over.
TpTrace Verbose: 0 : 4264, 1, 2023/03/02, 19:17:12.721, 8682086205665, vstest.console.dll, MulticastDelegateUtilities.SafeInvoke: TestRun.TestRunStart: Invoking callbacks was skipped because there are no subscribers.
TpTrace Verbose: 0 : 4264, 1, 2023/03/02, 19:17:12.721, 8682086207858, vstest.console.dll, ParallelProxyExecutionManager: Start execution. Total sources: 1
TpTrace Verbose: 0 : 4264, 4, 2023/03/02, 19:17:12.721, 8682086207817, vstest.console.dll, MulticastDelegateUtilities.SafeInvoke: InternalTestLoggerEvents.SendTestRunStart: Invoking callback 1/1 for Microsoft.VisualStudio.TestPlatform.CommandLine.Internal.ConsoleLogger.TestRunStartHandler, took 0 ms.
TpTrace Information: 0 : 4264, 1, 2023/03/02, 19:17:12.722, 8682086214409, vstest.console.dll, ProxyParallelExecutionManager: Triggering test run for next source: C:\Users\nicky\Source\Repos\EPMMouser\EPM.Mouser.Interview.Tests\bin\Debug\net6.0\fine-code-coverage\build-output\EPM.Mouser.Interview.Tests.dll
TpTrace Verbose: 0 : 4264, 5, 2023/03/02, 19:17:12.722, 8682086216199, vstest.console.dll, ParallelProxyExecutionManager: Execution started. Started clients: 1
TpTrace Verbose: 0 : 4264, 1, 2023/03/02, 19:17:12.722, 8682086216686, vstest.console.dll, ProxyParallelExecutionManager: No sources available for execution.
TpTrace Information: 0 : 4264, 1, 2023/03/02, 19:17:12.722, 8682086217295, vstest.console.dll, TestRunRequest.ExecuteAsync: Started.
TpTrace Verbose: 0 : 4264, 1, 2023/03/02, 19:17:12.722, 8682086217994, vstest.console.dll, TestRunRequest.WaitForCompletion: Waiting with timeout -1.
TpTrace Verbose: 0 : 4264, 5, 2023/03/02, 19:17:12.723, 8682086220573, vstest.console.dll, TestRunRequest:SendTestRunMessage: Starting.
TpTrace Verbose: 0 : 4264, 4, 2023/03/02, 19:17:12.723, 8682086222528, vstest.console.dll, MulticastDelegateUtilities.SafeInvoke: InternalTestLoggerEvents.SendTestRunMessage: Invoking callback 1/1 for Microsoft.VisualStudio.TestPlatform.CommandLine.Internal.ConsoleLogger.TestMessageHandler, took 0 ms.
TpTrace Verbose: 0 : 4264, 5, 2023/03/02, 19:17:12.723, 8682086222588, vstest.console.dll, MulticastDelegateUtilities.SafeInvoke: TestRun.LogMessages: Invoking callback 1/1 for Microsoft.VisualStudio.TestPlatform.CommandLine.TestRunResultAggregator.TestRunMessageHandler, took 0 ms.
TpTrace Information: 0 : 4264, 5, 2023/03/02, 19:17:12.723, 8682086223649, vstest.console.dll, TestRunRequest:SendTestRunMessage: Completed.
TpTrace Verbose: 0 : 4264, 5, 2023/03/02, 19:17:12.723, 8682086226006, vstest.console.dll, ProxyExecutionManager: Test host is always Lazy initialize.
TpTrace Verbose: 0 : 4264, 5, 2023/03/02, 19:17:12.723, 8682086228119, vstest.console.dll, TestRequestSender.InitializeCommunication: initialize communication. 
TpTrace Information: 0 : 4264, 5, 2023/03/02, 19:17:12.724, 8682086234688, vstest.console.dll, SocketServer.Start: Listening on endpoint : 127.0.0.1:50929
TpTrace Verbose: 0 : 4264, 5, 2023/03/02, 19:17:12.725, 8682086241190, vstest.console.dll, DotnetTestHostmanager.GetTestHostProcessStartInfo: Platform environment 'X64' target architecture 'X64' framework '.NETCoreApp,Version=v6.0' OS 'Windows'
TpTrace Verbose: 0 : 4264, 5, 2023/03/02, 19:17:12.725, 8682086246436, vstest.console.dll, DotnetTestHostmanager: Adding  --runtimeconfig "C:\Users\nicky\Source\Repos\EPMMouser\EPM.Mouser.Interview.Tests\bin\Debug\net6.0\fine-code-coverage\build-output\EPM.Mouser.Interview.Tests.runtimeconfig.json" in args
TpTrace Verbose: 0 : 4264, 5, 2023/03/02, 19:17:12.725, 8682086247518, vstest.console.dll, DotnetTestHostmanager: Adding  --depsfile "C:\Users\nicky\Source\Repos\EPMMouser\EPM.Mouser.Interview.Tests\bin\Debug\net6.0\fine-code-coverage\build-output\EPM.Mouser.Interview.Tests.deps.json" in args
TpTrace Verbose: 0 : 4264, 5, 2023/03/02, 19:17:12.726, 8682086249223, vstest.console.dll, DotnetTestHostmanager.IsWinOnArm: Current PROCESSOR_ARCHITECTURE from environment variable 'AMD64'
TpTrace Verbose: 0 : 4264, 5, 2023/03/02, 19:17:12.726, 8682086249825, vstest.console.dll, DotnetTestHostmanager.IsWinOnArm: Is Windows on ARM 'False'
TpTrace Verbose: 0 : 4264, 5, 2023/03/02, 19:17:12.726, 8682086250760, vstest.console.dll, DotnetTestHostManager: testhost.exe found at path: C:\Users\nicky\Source\Repos\EPMMouser\EPM.Mouser.Interview.Tests\bin\Debug\net6.0\fine-code-coverage\build-output\testhost.exe
TpTrace Verbose: 0 : 4264, 5, 2023/03/02, 19:17:12.726, 8682086251253, vstest.console.dll, DotnetTestHostmanager: Full path of host exe is C:\Users\nicky\Source\Repos\EPMMouser\EPM.Mouser.Interview.Tests\bin\Debug\net6.0\fine-code-coverage\build-output\testhost.exe
TpTrace Verbose: 0 : 4264, 5, 2023/03/02, 19:17:12.726, 8682086254220, vstest.console.dll, DotnetTestHostmanager.LaunchTestHostAsync: Found 'VSTEST_WINAPPHOST_DOTNET_ROOT' in env variables, value 'C:\Program Files\dotnet', forwarding to 'DOTNET_ROOT'
TpTrace Verbose: 0 : 4264, 7, 2023/03/02, 19:17:12.727, 8682086262391, vstest.console.dll, DotnetTestHostManager: Starting process 'C:\Users\nicky\Source\Repos\EPMMouser\EPM.Mouser.Interview.Tests\bin\Debug\net6.0\fine-code-coverage\build-output\testhost.exe' with command line ' --runtimeconfig "C:\Users\nicky\Source\Repos\EPMMouser\EPM.Mouser.Interview.Tests\bin\Debug\net6.0\fine-code-coverage\build-output\EPM.Mouser.Interview.Tests.runtimeconfig.json" --depsfile "C:\Users\nicky\Source\Repos\EPMMouser\EPM.Mouser.Interview.Tests\bin\Debug\net6.0\fine-code-coverage\build-output\EPM.Mouser.Interview.Tests.deps.json" --port 50929 --endpoint 127.0.0.1:050929 --role client --parentprocessid 4264 --diag "C:\Users\nicky\Source\Repos\EPMMouser\EPM.Mouser.Interview.Tests\bin\Debug\net6.0\fine-code-coverage\coverage-tool-output\diagnostics.host.23-03-02_19-17-12_72493_5.log" --tracelevel 4 --datacollectionport 50928 --telemetryoptedin false'
TpTrace Verbose: 0 : 4264, 7, 2023/03/02, 19:17:12.738, 8682086370347, vstest.console.dll, MulticastDelegateUtilities.SafeInvoke: HostProviderEvents.OnHostLaunched: Invoking callback 1/2 for Microsoft.VisualStudio.TestPlatform.CrossPlatEngine.Client.ProxyExecutionManagerWithDataCollection.TestHostLaunchedHandler, took 1 ms.
TpTrace Verbose: 0 : 4264, 7, 2023/03/02, 19:17:12.738, 8682086372187, vstest.console.dll, Test Runtime launched
TpTrace Verbose: 0 : 4264, 7, 2023/03/02, 19:17:12.738, 8682086372905, vstest.console.dll, MulticastDelegateUtilities.SafeInvoke: HostProviderEvents.OnHostLaunched: Invoking callback 2/2 for Microsoft.VisualStudio.TestPlatform.CrossPlatEngine.Client.ProxyOperationManager.TestHostManagerHostLaunched, took 0 ms.
TpTrace Verbose: 0 : 4264, 5, 2023/03/02, 19:17:12.741, 8682086407491, vstest.console.dll, TestRequestSender.WaitForRequestHandlerConnection: waiting for connection with timeout: 90000.
TpTrace Verbose: 0 : 4264, 5, 2023/03/02, 19:17:12.920, 8682088196153, vstest.console.dll, TestRequestSender.WaitForRequestHandlerConnection: waiting took 178 ms, with timeout 90000 ms, and result 0, which is success.
TpTrace Verbose: 0 : 4264, 7, 2023/03/02, 19:17:12.920, 8682088196153, vstest.console.dll, MulticastDelegateUtilities.SafeInvoke: SocketServer: ClientConnected: Invoking callback 1/1 for Microsoft.VisualStudio.TestPlatform.CommunicationUtilities.TestRequestSender.<InitializeCommunication>b__23_0, took 0 ms.
TpTrace Verbose: 0 : 4264, 7, 2023/03/02, 19:17:12.920, 8682088198107, vstest.console.dll, SocketServer.OnClientConnected: Client connected for endPoint: 127.0.0.1:50929, starting MessageLoopAsync:
TpTrace Verbose: 0 : 4264, 7, 2023/03/02, 19:17:12.921, 8682088200289, vstest.console.dll, TcpClientExtensions.MessageLoopAsync: Polling on remoteEndPoint: 127.0.0.1:50930 localEndPoint: 127.0.0.1:50929
TpTrace Verbose: 0 : 4264, 5, 2023/03/02, 19:17:12.921, 8682088205460, vstest.console.dll, TestRequestSender.CheckVersionWithTestHost: Sending check version message: {"MessageType":"ProtocolVersion","Payload":6}
TpTrace Verbose: 0 : 4264, 7, 2023/03/02, 19:17:13.111, 8682090099597, vstest.console.dll, TcpClientExtensions.MessageLoopAsync: NotifyDataAvailable remoteEndPoint: 127.0.0.1:50930 localEndPoint: 127.0.0.1:50929
TpTrace Verbose: 0 : 4264, 7, 2023/03/02, 19:17:13.111, 8682090102051, vstest.console.dll, TestRequestSender.CheckVersionWithTestHost: onMessageReceived received message: (ProtocolVersion) -> 5
TpTrace Verbose: 0 : 4264, 7, 2023/03/02, 19:17:13.112, 8682090110981, vstest.console.dll, MulticastDelegateUtilities.SafeInvoke: LengthPrefixCommunicationChannel: MessageReceived: Invoking callback 1/1 for Microsoft.VisualStudio.TestPlatform.CommunicationUtilities.TestRequestSender+<>c__DisplayClass25_0.<CheckVersionWithTestHost>b__0, took 0 ms.
TpTrace Verbose: 0 : 4264, 7, 2023/03/02, 19:17:13.112, 8682090112612, vstest.console.dll, TcpClientExtensions.MessageLoopAsync: Polling on remoteEndPoint: 127.0.0.1:50930 localEndPoint: 127.0.0.1:50929
TpTrace Verbose: 0 : 4264, 5, 2023/03/02, 19:17:13.112, 8682090112594, vstest.console.dll, TestPluginCache.GetExtensionPaths: Filtered extension paths: 
TpTrace Verbose: 0 : 4264, 5, 2023/03/02, 19:17:13.112, 8682090114328, vstest.console.dll, TestPluginCache.GetExtensionPaths: Added default extension paths: C:\Program Files\dotnet\sdk\6.0.309\Extensions\DumpMinitool.exe
C:\Program Files\dotnet\sdk\6.0.309\Extensions\DumpMinitool.x86.exe
C:\Program Files\dotnet\sdk\6.0.309\Extensions\Microsoft.Diagnostics.NETCore.Client.dll
C:\Program Files\dotnet\sdk\6.0.309\Extensions\Microsoft.TestPlatform.Extensions.BlameDataCollector.dll
C:\Program Files\dotnet\sdk\6.0.309\Extensions\Microsoft.TestPlatform.Extensions.EventLogCollector.dll
C:\Program Files\dotnet\sdk\6.0.309\Extensions\Microsoft.TestPlatform.TestHostRuntimeProvider.dll
C:\Program Files\dotnet\sdk\6.0.309\Extensions\Microsoft.VisualStudio.TestPlatform.Extensions.Html.TestLogger.dll
C:\Program Files\dotnet\sdk\6.0.309\Extensions\Microsoft.VisualStudio.TestPlatform.Extensions.Trx.TestLogger.dll
TpTrace Verbose: 0 : 4264, 5, 2023/03/02, 19:17:13.112, 8682090114966, vstest.console.dll, TestPluginCache.GetExtensionPaths: Added unfilterableExtensionPaths: 
TpTrace Verbose: 0 : 4264, 5, 2023/03/02, 19:17:13.116, 8682090157166, vstest.console.dll, TestRequestSender.InitializeExecution: Sending initialize execution with message: {"Version":5,"MessageType":"TestExecution.Initialize","Payload":["C:\\Users\\nicky\\Source\\Repos\\EPMMouser\\EPM.Mouser.Interview.Tests\\bin\\Debug\\net6.0\\fine-code-coverage\\build-output\\Microsoft.VisualStudio.TestPlatform.MSTest.TestAdapter.dll"]}
TpTrace Warning: 0 : 4264, 5, 2023/03/02, 19:17:13.117, 8682090161675, vstest.console.dll, InferRunSettingsHelper.MakeRunsettingsCompatible: Removing the following settings: TargetPlatform from RunSettings file. To use those settings please move to latest version of Microsoft.NET.Test.Sdk
TpTrace Verbose: 0 : 4264, 7, 2023/03/02, 19:17:13.125, 8682090240061, vstest.console.dll, TcpClientExtensions.MessageLoopAsync: NotifyDataAvailable remoteEndPoint: 127.0.0.1:50930 localEndPoint: 127.0.0.1:50929
TpTrace Verbose: 0 : 4264, 7, 2023/03/02, 19:17:13.125, 8682090242585, vstest.console.dll, TestRequestSender.OnExecutionMessageReceived: Received message: {"Version":5,"MessageType":"TestSession.Message","Payload":{"MessageLevel":0,"Message":"Logging TestHost Diagnostics in file: C:\\Users\\nicky\\Source\\Repos\\EPMMouser\\EPM.Mouser.Interview.Tests\\bin\\Debug\\net6.0\\fine-code-coverage\\coverage-tool-output\\diagnostics.host.23-03-02_19-17-12_72493_5.log"}}
TpTrace Verbose: 0 : 4264, 7, 2023/03/02, 19:17:13.128, 8682090269110, vstest.console.dll, TestRunRequest:SendTestRunMessage: Starting.
TpTrace Verbose: 0 : 4264, 7, 2023/03/02, 19:17:13.128, 8682090271009, vstest.console.dll, MulticastDelegateUtilities.SafeInvoke: TestRun.LogMessages: Invoking callback 1/1 for Microsoft.VisualStudio.TestPlatform.CommandLine.TestRunResultAggregator.TestRunMessageHandler, took 0 ms.
TpTrace Verbose: 0 : 4264, 4, 2023/03/02, 19:17:13.128, 8682090271108, vstest.console.dll, MulticastDelegateUtilities.SafeInvoke: InternalTestLoggerEvents.SendTestRunMessage: Invoking callback 1/1 for Microsoft.VisualStudio.TestPlatform.CommandLine.Internal.ConsoleLogger.TestMessageHandler, took 0 ms.
TpTrace Information: 0 : 4264, 7, 2023/03/02, 19:17:13.128, 8682090271735, vstest.console.dll, TestRunRequest:SendTestRunMessage: Completed.
TpTrace Verbose: 0 : 4264, 7, 2023/03/02, 19:17:13.128, 8682090273560, vstest.console.dll, MulticastDelegateUtilities.SafeInvoke: LengthPrefixCommunicationChannel: MessageReceived: Invoking callback 1/1 for Microsoft.VisualStudio.TestPlatform.CommunicationUtilities.TestRequestSender+<>c__DisplayClass30_0.<StartTestRun>b__1, took 3 ms.
TpTrace Verbose: 0 : 4264, 7, 2023/03/02, 19:17:13.128, 8682090274358, vstest.console.dll, TcpClientExtensions.MessageLoopAsync: Polling on remoteEndPoint: 127.0.0.1:50930 localEndPoint: 127.0.0.1:50929
TpTrace Verbose: 0 : 4264, 5, 2023/03/02, 19:17:13.128, 8682090277811, vstest.console.dll, TestRequestSender.StartTestRun: Sending test run with message: {"Version":5,"MessageType":"TestExecution.StartWithSources","Payload":{"AdapterSourceMap":{"_none_":["C:\\Users\\nicky\\Source\\Repos\\EPMMouser\\EPM.Mouser.Interview.Tests\\bin\\Debug\\net6.0\\fine-code-coverage\\build-output\\EPM.Mouser.Interview.Tests.dll"]},"RunSettings":"<RunSettings>\r\n  <RunConfiguration>\r\n    <ResultsDirectory>C:\\Users\\nicky\\Source\\Repos\\EPMMouser\\EPM.Mouser.Interview.Tests\\bin\\Debug\\net6.0\\fine-code-coverage\\coverage-tool-output</ResultsDirectory>\r\n    <TargetFrameworkVersion>.NETCoreApp,Version=v6.0</TargetFrameworkVersion>\r\n    <DesignMode>False</DesignMode>\r\n    <CollectSourceInformation>False</CollectSourceInformation>\r\n  </RunConfiguration>\r\n  <LoggerRunSettings>\r\n    <Loggers>\r\n      <Logger friendlyName=\"blame\" enabled=\"True\" />\r\n      <Logger friendlyName=\"Console\" uri=\"logger://microsoft/TestPlatform/ConsoleLogger/v1\" assemblyQualifiedName=\"Microsoft.VisualStudio.TestPlatform.CommandLine.Internal.ConsoleLogger, vstest.console, Version=15.0.0.0, Culture=neutral, PublicKeyToken=b03f5f7f11d50a3a\" codeBase=\"C:\\Program Files\\dotnet\\sdk\\6.0.309\\vstest.console.dll\" enabled=\"True\" />\r\n    </Loggers>\r\n  </LoggerRunSettings>\r\n  <DataCollectionRunSettings>\r\n    <DataCollectors>\r\n      <DataCollector friendlyName=\"blame\" enabled=\"True\">\r\n        <Configuration>\r\n          <ResultsDirectory>C:\\Users\\nicky\\Source\\Repos\\EPMMouser\\EPM.Mouser.Interview.Tests\\bin\\Debug\\net6.0\\fine-code-coverage\\coverage-tool-output</ResultsDirectory>\r\n        </Configuration>\r\n      </DataCollector>\r\n    </DataCollectors>\r\n  </DataCollectionRunSettings>\r\n</RunSettings>","TestExecutionContext":{"FrequencyOfRunStatsChangeEvent":10,"RunStatsChangeEventTimeout":"00:00:01.5000000","InIsolation":false,"KeepAlive":false,"AreTestCaseLevelEventsRequired":false,"IsDebug":false,"TestCaseFilter":null,"FilterOptions":null},"Package":null}}
TpTrace Verbose: 0 : 4264, 7, 2023/03/02, 19:17:13.813, 8682097124478, vstest.console.dll, TcpClientExtensions.MessageLoopAsync: NotifyDataAvailable remoteEndPoint: 127.0.0.1:50930 localEndPoint: 127.0.0.1:50929
TpTrace Verbose: 0 : 4264, 7, 2023/03/02, 19:17:13.813, 8682097127677, vstest.console.dll, TestRequestSender.OnExecutionMessageReceived: Received message: {"Version":5,"MessageType":"TestExecution.Completed","Payload":{"TestRunCompleteArgs":{"TestRunStatistics":{"ExecutedTests":8,"Stats":{"Passed":8}},"IsCanceled":false,"IsAborted":false,"Error":null,"AttachmentSets":[],"ElapsedTimeInRunningTests":"00:00:00.4493211","Metrics":{}},"LastRunTests":{"NewTestResults":[{"TestCase":{"Id":"50aec194-a369-9905-4349-9c5d1450272c","FullyQualifiedName":"EPM.Mouser.Interview.Tests.ControllerTests.HomeControllerTests.Index","DisplayName":"Index","ExecutorUri":"executor://MSTestAdapter/v2","Source":"C:\\Users\\nicky\\Source\\Repos\\EPMMouser\\EPM.Mouser.Interview.Tests\\bin\\Debug\\net6.0\\fine-code-coverage\\build-output\\EPM.Mouser.Interview.Tests.dll","CodeFilePath":null,"LineNumber":-1,"Properties":[{"Key":{"Id":"TestCase.ManagedType","Label":"ManagedType","Category":"","Description":"","Attributes":1,"ValueType":"System.String"},"Value":"EPM.Mouser.Interview.Tests.ControllerTests.HomeControllerTests"},{"Key":{"Id":"TestCase.ManagedMethod","Label":"ManagedMethod","Category":"","Description":"","Attributes":1,"ValueType":"System.String"},"Value":"Index"},{"Key":{"Id":"MSTestDiscoverer.TestClassName","Label":"ClassName","Category":"","Description":"","Attributes":1,"ValueType":"System.String"},"Value":"EPM.Mouser.Interview.Tests.ControllerTests.HomeControllerTests"},{"Key":{"Id":"TestCase.Hierarchy","Label":"Hierarchy","Category":"","Description":"","Attributes":2,"ValueType":"System.String[]"},"Value":["EPM.Mouser.Interview.Tests.ControllerTests","HomeControllerTests"]},{"Key":{"Id":"TestObject.Traits","Label":"Traits","Category":"","Description":"","Attributes":5,"ValueType":"System.Collections.Generic.KeyValuePair`2[[System.String],[System.String]][]"},"Value":[]}]},"Attachments":[],"Outcome":1,"ErrorMessage":null,"ErrorStackTrace":null,"DisplayName":"Index","Messages":[],"ComputerName":null,"Duration":"00:00:00.1271823","StartTime":"2023-03-02T19:17:13.5431762+00:00","EndTime":"2023-03-02T19:17:13.685686+00:00","Properties":[{"Key":{"Id":"ExecutionId","Label":"ExecutionId","Category":"","Description":"","Attributes":1,"ValueType":"System.Guid"},"Value":"00000000-0000-0000-0000-000000000000"},{"Key":{"Id":"ParentExecId","Label":"ParentExecId","Category":"","Description":"","Attributes":1,"ValueType":"System.Guid"},"Value":"00000000-0000-0000-0000-000000000000"},{"Key":{"Id":"InnerResultsCount","Label":"InnerResultsCount","Category":"","Description":"","Attributes":1,"ValueType":"System.Int32"},"Value":0}]},{"TestCase":{"Id":"d0891a02-148c-4098-b6e8-3a11fa2d7c64","FullyQualifiedName":"EPM.Mouser.Interview.Tests.ControllerTests.HomeControllerTests.ProductPage","DisplayName":"ProductPage","ExecutorUri":"executor://MSTestAdapter/v2","Source":"C:\\Users\\nicky\\Source\\Repos\\EPMMouser\\EPM.Mouser.Interview.Tests\\bin\\Debug\\net6.0\\fine-code-coverage\\build-output\\EPM.Mouser.Interview.Tests.dll","CodeFilePath":null,"LineNumber":-1,"Properties":[{"Key":{"Id":"TestCase.ManagedType","Label":"ManagedType","Category":"","Description":"","Attributes":1,"ValueType":"System.String"},"Value":"EPM.Mouser.Interview.Tests.ControllerTests.HomeControllerTests"},{"Key":{"Id":"TestCase.ManagedMethod","Label":"ManagedMethod","Category":"","Description":"","Attributes":1,"ValueType":"System.String"},"Value":"ProductPage"},{"Key":{"Id":"MSTestDiscoverer.TestClassName","Label":"ClassName","Category":"","Description":"","Attributes":1,"ValueType":"System.String"},"Value":"EPM.Mouser.Interview.Tests.ControllerTests.HomeControllerTests"},{"Key":{"Id":"TestCase.Hierarchy","Label":"Hierarchy","Category":"","Description":"","Attributes":2,"ValueType":"System.String[]"},"Value":["EPM.Mouser.Interview.Tests.ControllerTests","HomeControllerTests"]},{"Key":{"Id":"TestObject.Traits","Label":"Traits","Category":"","Description":"","Attributes":5,"ValueType":"System.Collections.Generic.KeyValuePair`2[[System.String],[System.String]][]"},"Value":[]}]},"Attachments":[],"Outcome":1,"ErrorMessage":null,"ErrorStackTrace":null,"DisplayName":"ProductPage","Messages":[],"ComputerName":null,"Duration":"00:00:00.0088976","StartTime":"2023-03-02T19:17:13.7111562+00:00","EndTime":"2023-03-02T19:17:13.7206506+00:00","Properties":[{"Key":{"Id":"ExecutionId","Label":"ExecutionId","Category":"","Description":"","Attributes":1,"ValueType":"System.Guid"},"Value":"00000000-0000-0000-0000-000000000000"},{"Key":{"Id":"ParentExecId","Label":"ParentExecId","Category":"","Description":"","Attributes":1,"ValueType":"System.Guid"},"Value":"00000000-0000-0000-0000-000000000000"},{"Key":{"Id":"InnerResultsCount","Label":"InnerResultsCount","Category":"","Description":"","Attributes":1,"ValueType":"System.Int32"},"Value":0}]},{"TestCase":{"Id":"591c543e-34ed-2ebb-db8d-d3a95a098750","FullyQualifiedName":"EPM.Mouser.Interview.Tests.ControllerTests.WarehouseAPITests.GetProduct","DisplayName":"GetProduct","ExecutorUri":"executor://MSTestAdapter/v2","Source":"C:\\Users\\nicky\\Source\\Repos\\EPMMouser\\EPM.Mouser.Interview.Tests\\bin\\Debug\\net6.0\\fine-code-coverage\\build-output\\EPM.Mouser.Interview.Tests.dll","CodeFilePath":null,"LineNumber":-1,"Properties":[{"Key":{"Id":"TestCase.ManagedType","Label":"ManagedType","Category":"","Description":"","Attributes":1,"ValueType":"System.String"},"Value":"EPM.Mouser.Interview.Tests.ControllerTests.WarehouseAPITests"},{"Key":{"Id":"TestCase.ManagedMethod","Label":"ManagedMethod","Category":"","Description":"","Attributes":1,"ValueType":"System.String"},"Value":"GetProduct"},{"Key":{"Id":"MSTestDiscoverer.TestClassName","Label":"ClassName","Category":"","Description":"","Attributes":1,"ValueType":"System.String"},"Value":"EPM.Mouser.Interview.Tests.ControllerTests.WarehouseAPITests"},{"Key":{"Id":"TestCase.Hierarchy","Label":"Hierarchy","Category":"","Description":"","Attributes":2,"ValueType":"System.String[]"},"Value":["EPM.Mouser.Interview.Tests.ControllerTests","WarehouseAPITests"]},{"Key":{"Id":"TestObject.Traits","Label":"Traits","Category":"","Description":"","Attributes":5,"ValueType":"System.Collections.Generic.KeyValuePair`2[[System.String],[System.String]][]"},"Value":[]}]},"Attachments":[],"Outcome":1,"ErrorMessage":null,"ErrorStackTrace":null,"DisplayName":"GetProduct","Messages":[],"ComputerName":null,"Duration":"00:00:00.0021059","StartTime":"2023-03-02T19:17:13.7294582+00:00","EndTime":"2023-03-02T19:17:13.7322839+00:00","Properties":[{"Key":{"Id":"ExecutionId","Label":"ExecutionId","Category":"","Description":"","Attributes":1,"ValueType":"System.Guid"},"Value":"00000000-0000-0000-0000-000000000000"},{"Key":{"Id":"ParentExecId","Label":"ParentExecId","Category":"","Description":"","Attributes":1,"ValueType":"System.Guid"},"Value":"00000000-0000-0000-0000-000000000000"},{"Key":{"Id":"InnerResultsCount","Label":"InnerResultsCount","Category":"","Description":"","Attributes":1,"ValueType":"System.Int32"},"Value":0}]},{"TestCase":{"Id":"d6b0a79a-8111-5518-62dc-d75661f99b89","FullyQualifiedName":"EPM.Mouser.Interview.Tests.ControllerTests.WarehouseAPITests.GetPublicInStockProducts","DisplayName":"GetPublicInStockProducts","ExecutorUri":"executor://MSTestAdapter/v2","Source":"C:\\Users\\nicky\\Source\\Repos\\EPMMouser\\EPM.Mouser.Interview.Tests\\bin\\Debug\\net6.0\\fine-code-coverage\\build-output\\EPM.Mouser.Interview.Tests.dll","CodeFilePath":null,"LineNumber":-1,"Properties":[{"Key":{"Id":"TestCase.ManagedType","Label":"ManagedType","Category":"","Description":"","Attributes":1,"ValueType":"System.String"},"Value":"EPM.Mouser.Interview.Tests.ControllerTests.WarehouseAPITests"},{"Key":{"Id":"TestCase.ManagedMethod","Label":"ManagedMethod","Category":"","Description":"","Attributes":1,"ValueType":"System.String"},"Value":"GetPublicInStockProducts"},{"Key":{"Id":"MSTestDiscoverer.TestClassName","Label":"ClassName","Category":"","Description":"","Attributes":1,"ValueType":"System.String"},"Value":"EPM.Mouser.Interview.Tests.ControllerTests.WarehouseAPITests"},{"Key":{"Id":"TestCase.Hierarchy","Label":"Hierarchy","Category":"","Description":"","Attributes":2,"ValueType":"System.String[]"},"Value":["EPM.Mouser.Interview.Tests.ControllerTests","WarehouseAPITests"]},{"Key":{"Id":"TestObject.Traits","Label":"Traits","Category":"","Description":"","Attributes":5,"ValueType":"System.Collections.Generic.KeyValuePair`2[[System.String],[System.String]][]"},"Value":[]}]},"Attachments":[],"Outcome":1,"ErrorMessage":null,"ErrorStackTrace":null,"DisplayName":"GetPublicInStockProducts","Messages":[],"ComputerName":null,"Duration":"00:00:00.0023016","StartTime":"2023-03-02T19:17:13.7345171+00:00","EndTime":"2023-03-02T19:17:13.7371537+00:00","Properties":[{"Key":{"Id":"ExecutionId","Label":"ExecutionId","Category":"","Description":"","Attributes":1,"ValueType":"System.Guid"},"Value":"00000000-0000-0000-0000-000000000000"},{"Key":{"Id":"ParentExecId","Label":"ParentExecId","Category":"","Description":"","Attributes":1,"ValueType":"System.Guid"},"Value":"00000000-0000-0000-0000-000000000000"},{"Key":{"Id":"InnerResultsCount","Label":"InnerResultsCount","Category":"","Description":"","Attributes":1,"ValueType":"System.Int32"},"Value":0}]},{"TestCase":{"Id":"ef7625e3-a484-c6ff-0775-98895632d3b0","FullyQualifiedName":"EPM.Mouser.Interview.Tests.ControllerTests.WarehouseAPITests.OrderItem_ReturnSuccess","DisplayName":"OrderItem_ReturnSuccess","ExecutorUri":"executor://MSTestAdapter/v2","Source":"C:\\Users\\nicky\\Source\\Repos\\EPMMouser\\EPM.Mouser.Interview.Tests\\bin\\Debug\\net6.0\\fine-code-coverage\\build-output\\EPM.Mouser.Interview.Tests.dll","CodeFilePath":null,"LineNumber":-1,"Properties":[{"Key":{"Id":"TestCase.ManagedType","Label":"ManagedType","Category":"","Description":"","Attributes":1,"ValueType":"System.String"},"Value":"EPM.Mouser.Interview.Tests.ControllerTests.WarehouseAPITests"},{"Key":{"Id":"TestCase.ManagedMethod","Label":"ManagedMethod","Category":"","Description":"","Attributes":1,"ValueType":"System.String"},"Value":"OrderItem_ReturnSuccess"},{"Key":{"Id":"MSTestDiscoverer.TestClassName","Label":"ClassName","Category":"","Description":"","Attributes":1,"ValueType":"System.String"},"Value":"EPM.Mouser.Interview.Tests.ControllerTests.WarehouseAPITests"},{"Key":{"Id":"TestCase.Hierarchy","Label":"Hierarchy","Category":"","Description":"","Attributes":2,"ValueType":"System.String[]"},"Value":["EPM.Mouser.Interview.Tests.ControllerTests","WarehouseAPITests"]},{"Key":{"Id":"TestObject.Traits","Label":"Traits","Category":"","Description":"","Attributes":5,"ValueType":"System.Collections.Generic.KeyValuePair`2[[System.String],[System.String]][]"},"Value":[]}]},"Attachments":[],"Outcome":1,"ErrorMessage":null,"ErrorStackTrace":null,"DisplayName":"OrderItem_ReturnSuccess","Messages":[],"ComputerName":null,"Duration":"00:00:00.0070601","StartTime":"2023-03-02T19:17:13.7398123+00:00","EndTime":"2023-03-02T19:17:13.7472607+00:00","Properties":[{"Key":{"Id":"ExecutionId","Label":"ExecutionId","Category":"","Description":"","Attributes":1,"ValueType":"System.Guid"},"Value":"00000000-0000-0000-0000-000000000000"},{"Key":{"Id":"ParentExecId","Label":"ParentExecId","Category":"","Description":"","Attributes":1,"ValueType":"System.Guid"},"Value":"00000000-0000-0000-0000-000000000000"},{"Key":{"Id":"InnerResultsCount","Label":"InnerResultsCount","Category":"","Description":"","Attributes":1,"ValueType":"System.Int32"},"Value":0}]},{"TestCase":{"Id":"1d2ce586-8bc4-bf3d-bb34-e6e4cad0d904","FullyQualifiedName":"EPM.Mouser.Interview.Tests.ControllerTests.WarehouseAPITests.OrderItem_ReturnError_InvalidRequest","DisplayName":"OrderItem_ReturnError_InvalidRequest","ExecutorUri":"executor://MSTestAdapter/v2","Source":"C:\\Users\\nicky\\Source\\Repos\\EPMMouser\\EPM.Mouser.Interview.Tests\\bin\\Debug\\net6.0\\fine-code-coverage\\build-output\\EPM.Mouser.Interview.Tests.dll","CodeFilePath":null,"LineNumber":-1,"Properties":[{"Key":{"Id":"TestCase.ManagedType","Label":"ManagedType","Category":"","Description":"","Attributes":1,"ValueType":"System.String"},"Value":"EPM.Mouser.Interview.Tests.ControllerTests.WarehouseAPITests"},{"Key":{"Id":"TestCase.ManagedMethod","Label":"ManagedMethod","Category":"","Description":"","Attributes":1,"ValueType":"System.String"},"Value":"OrderItem_ReturnError_InvalidRequest"},{"Key":{"Id":"MSTestDiscoverer.TestClassName","Label":"ClassName","Category":"","Description":"","Attributes":1,"ValueType":"System.String"},"Value":"EPM.Mouser.Interview.Tests.ControllerTests.WarehouseAPITests"},{"Key":{"Id":"TestCase.Hierarchy","Label":"Hierarchy","Category":"","Description":"","Attributes":2,"ValueType":"System.String[]"},"Value":["EPM.Mouser.Interview.Tests.ControllerTests","WarehouseAPITests"]},{"Key":{"Id":"TestObject.Traits","Label":"Traits","Category":"","Description":"","Attributes":5,"ValueType":"System.Collections.Generic.KeyValuePair`2[[System.String],[System.String]][]"},"Value":[]}]},"Attachments":[],"Outcome":1,"ErrorMessage":null,"ErrorStackTrace":null,"DisplayName":"OrderItem_ReturnError_InvalidRequest","Messages":[],"ComputerName":null,"Duration":"00:00:00.0013528","StartTime":"2023-03-02T19:17:13.7503289+00:00","EndTime":"2023-03-02T19:17:13.7519553+00:00","Properties":[{"Key":{"Id":"ExecutionId","Label":"ExecutionId","Category":"","Description":"","Attributes":1,"ValueType":"System.Guid"},"Value":"00000000-0000-0000-0000-000000000000"},{"Key":{"Id":"ParentExecId","Label":"ParentExecId","Category":"","Description":"","Attributes":1,"ValueType":"System.Guid"},"Value":"00000000-0000-0000-0000-000000000000"},{"Key":{"Id":"InnerResultsCount","Label":"InnerResultsCount","Category":"","Description":"","Attributes":1,"ValueType":"System.Int32"},"Value":0}]},{"TestCase":{"Id":"5588d6aa-f240-2b99-775e-0c84225a605a","FullyQualifiedName":"EPM.Mouser.Interview.Tests.ControllerTests.WarehouseAPITests.OrderItem_ReturnError_QuantityInvalid","DisplayName":"OrderItem_ReturnError_QuantityInvalid","ExecutorUri":"executor://MSTestAdapter/v2","Source":"C:\\Users\\nicky\\Source\\Repos\\EPMMouser\\EPM.Mouser.Interview.Tests\\bin\\Debug\\net6.0\\fine-code-coverage\\build-output\\EPM.Mouser.Interview.Tests.dll","CodeFilePath":null,"LineNumber":-1,"Properties":[{"Key":{"Id":"TestCase.ManagedType","Label":"ManagedType","Category":"","Description":"","Attributes":1,"ValueType":"System.String"},"Value":"EPM.Mouser.Interview.Tests.ControllerTests.WarehouseAPITests"},{"Key":{"Id":"TestCase.ManagedMethod","Label":"ManagedMethod","Category":"","Description":"","Attributes":1,"ValueType":"System.String"},"Value":"OrderItem_ReturnError_QuantityInvalid"},{"Key":{"Id":"MSTestDiscoverer.TestClassName","Label":"ClassName","Category":"","Description":"","Attributes":1,"ValueType":"System.String"},"Value":"EPM.Mouser.Interview.Tests.ControllerTests.WarehouseAPITests"},{"Key":{"Id":"TestCase.Hierarchy","Label":"Hierarchy","Category":"","Description":"","Attributes":2,"ValueType":"System.String[]"},"Value":["EPM.Mouser.Interview.Tests.ControllerTests","WarehouseAPITests"]},{"Key":{"Id":"TestObject.Traits","Label":"Traits","Category":"","Description":"","Attributes":5,"ValueType":"System.Collections.Generic.KeyValuePair`2[[System.String],[System.String]][]"},"Value":[]}]},"Attachments":[],"Outcome":1,"ErrorMessage":null,"ErrorStackTrace":null,"DisplayName":"OrderItem_ReturnError_QuantityInvalid","Messages":[],"ComputerName":null,"Duration":"00:00:00.0011902","StartTime":"2023-03-02T19:17:13.7548761+00:00","EndTime":"2023-03-02T19:17:13.7563673+00:00","Properties":[{"Key":{"Id":"ExecutionId","Label":"ExecutionId","Category":"","Description":"","Attributes":1,"ValueType":"System.Guid"},"Value":"00000000-0000-0000-0000-000000000000"},{"Key":{"Id":"ParentExecId","Label":"ParentExecId","Category":"","Description":"","Attributes":1,"ValueType":"System.Guid"},"Value":"00000000-0000-0000-0000-000000000000"},{"Key":{"Id":"InnerResultsCount","Label":"InnerResultsCount","Category":"","Description":"","Attributes":1,"ValueType":"System.Int32"},"Value":0}]},{"TestCase":{"Id":"a8631135-00ba-a26f-85d7-f8d62e230459","FullyQualifiedName":"EPM.Mouser.Interview.Tests.ControllerTests.WarehouseAPITests.OrderItem_ReturnError_NotEnoughQuantity","DisplayName":"OrderItem_ReturnError_NotEnoughQuantity","ExecutorUri":"executor://MSTestAdapter/v2","Source":"C:\\Users\\nicky\\Source\\Repos\\EPMMouser\\EPM.Mouser.Interview.Tests\\bin\\Debug\\net6.0\\fine-code-coverage\\build-output\\EPM.Mouser.Interview.Tests.dll","CodeFilePath":null,"LineNumber":-1,"Properties":[{"Key":{"Id":"TestCase.ManagedType","Label":"ManagedType","Category":"","Description":"","Attributes":1,"ValueType":"System.String"},"Value":"EPM.Mouser.Interview.Tests.ControllerTests.WarehouseAPITests"},{"Key":{"Id":"TestCase.ManagedMethod","Label":"ManagedMethod","Category":"","Description":"","Attributes":1,"ValueType":"System.String"},"Value":"OrderItem_ReturnError_NotEnoughQuantity"},{"Key":{"Id":"MSTestDiscoverer.TestClassName","Label":"ClassName","Category":"","Description":"","Attributes":1,"ValueType":"System.String"},"Value":"EPM.Mouser.Interview.Tests.ControllerTests.WarehouseAPITests"},{"Key":{"Id":"TestCase.Hierarchy","Label":"Hierarchy","Category":"","Description":"","Attributes":2,"ValueType":"System.String[]"},"Value":["EPM.Mouser.Interview.Tests.ControllerTests","WarehouseAPITests"]},{"Key":{"Id":"TestObject.Traits","Label":"Traits","Category":"","Description":"","Attributes":5,"ValueType":"System.Collections.Generic.KeyValuePair`2[[System.String],[System.String]][]"},"Value":[]}]},"Attachments":[],"Outcome":1,"ErrorMessage":null,"ErrorStackTrace":null,"DisplayName":"OrderItem_ReturnError_NotEnoughQuantity","Messages":[],"ComputerName":null,"Duration":"00:00:00.0009135","StartTime":"2023-03-02T19:17:13.7597691+00:00","EndTime":"2023-03-02T19:17:13.7609479+00:00","Properties":[{"Key":{"Id":"ExecutionId","Label":"ExecutionId","Category":"","Description":"","Attributes":1,"ValueType":"System.Guid"},"Value":"00000000-0000-0000-0000-000000000000"},{"Key":{"Id":"ParentExecId","Label":"ParentExecId","Category":"","Description":"","Attributes":1,"ValueType":"System.Guid"},"Value":"00000000-0000-0000-0000-000000000000"},{"Key":{"Id":"InnerResultsCount","Label":"InnerResultsCount","Category":"","Description":"","Attributes":1,"ValueType":"System.Int32"},"Value":0}]}],"TestRunStatistics":{"ExecutedTests":8,"Stats":{"Passed":8}},"ActiveTests":[]},"RunAttachments":[],"ExecutorUris":["executor://mstestadapter/v2"]}}
TpTrace Verbose: 0 : 4264, 7, 2023/03/02, 19:17:13.815, 8682097140093, vstest.console.dll, TestRequestSender.EndSession: Sending end session.
TpTrace Verbose: 0 : 4264, 7, 2023/03/02, 19:17:13.815, 8682097141818, vstest.console.dll, ProxyOperationManager.Close: waiting for test host to exit for 100 ms
TpTrace Warning: 0 : 4264, 13, 2023/03/02, 19:17:13.900, 8682097991145, vstest.console.dll, TestHostManagerCallbacks.ErrorReceivedCallback Test host standard error line: 
TpTrace Verbose: 0 : 4264, 13, 2023/03/02, 19:17:13.915, 8682098144491, vstest.console.dll, TestHostProvider.ExitCallBack: Host exited starting callback.
TpTrace Information: 0 : 4264, 13, 2023/03/02, 19:17:13.916, 8682098149348, vstest.console.dll, TestHostManagerCallbacks.ExitCallBack: Testhost processId: 43588 exited with exitcode: 0 error: ''
TpTrace Verbose: 0 : 4264, 13, 2023/03/02, 19:17:13.916, 8682098150064, vstest.console.dll, DotnetTestHostManager.OnHostExited: invoking OnHostExited callback
TpTrace Verbose: 0 : 4264, 13, 2023/03/02, 19:17:13.916, 8682098150668, vstest.console.dll, CrossPlatEngine.TestHostManagerHostExited: calling on client process exit callback.
TpTrace Information: 0 : 4264, 13, 2023/03/02, 19:17:13.916, 8682098151302, vstest.console.dll, TestRequestSender.OnClientProcessExit: Test host process exited. Standard error: 
TpTrace Information: 0 : 4264, 7, 2023/03/02, 19:17:13.916, 8682098151639, vstest.console.dll, SocketServer.Stop: Stop server endPoint: 127.0.0.1:50929
TpTrace Information: 0 : 4264, 13, 2023/03/02, 19:17:13.916, 8682098151948, vstest.console.dll, SocketServer.Stop: Stop server endPoint: 127.0.0.1:50929
TpTrace Information: 0 : 4264, 7, 2023/03/02, 19:17:13.916, 8682098152399, vstest.console.dll, SocketServer.Stop: Cancellation requested. Stopping message loop.
TpTrace Information: 0 : 4264, 13, 2023/03/02, 19:17:13.916, 8682098152935, vstest.console.dll, SocketServer.Stop: Cancellation requested. Stopping message loop.
TpTrace Verbose: 0 : 4264, 13, 2023/03/02, 19:17:13.916, 8682098154301, vstest.console.dll, MulticastDelegateUtilities.SafeInvoke: HostProviderEvents.OnHostExited: Invoking callback 1/1 for Microsoft.VisualStudio.TestPlatform.CrossPlatEngine.Client.ProxyOperationManager.TestHostManagerHostExited, took 0 ms.
TpTrace Information: 0 : 4264, 7, 2023/03/02, 19:17:13.916, 8682098154682, vstest.console.dll, Closing the connection
TpTrace Verbose: 0 : 4264, 7, 2023/03/02, 19:17:13.917, 8682098166485, vstest.console.dll, ProxyDataCollectionManager.InvokeDataCollectionServiceAction: Starting.
TpTrace Information: 0 : 4264, 7, 2023/03/02, 19:17:13.917, 8682098167077, vstest.console.dll, ProxyDataCollectionManager.AfterTestRunEnd: Get attachment set and invoked data collectors processId: 42052 port: 50924
TpTrace Verbose: 0 : 4264, 7, 2023/03/02, 19:17:13.917, 8682098167629, vstest.console.dll, DataCollectionRequestSender.SendAfterTestRunStartAndGetResult: Send AfterTestRunEnd message with isCancelled: False
TpTrace Verbose: 0 : 4264, 7, 2023/03/02, 19:17:13.925, 8682098245834, vstest.console.dll, DataCollectionRequestSender.SendAfterTestRunStartAndGetResult: Received message: (DataCollection.AfterTestRunEndResult) -> {
  "AttachmentSets": [],
  "InvokedDataCollectors": [
    {
      "Uri": "datacollector://Microsoft/TestPlatform/Extensions/Blame/v1",
      "FriendlyName": "Blame",
      "AssemblyQualifiedName": "Microsoft.TestPlatform.Extensions.BlameDataCollector.BlameCollector, Microsoft.TestPlatform.Extensions.BlameDataCollector, Version=15.0.0.0, Culture=neutral, PublicKeyToken=b03f5f7f11d50a3a",
      "FilePath": "C:\\Program Files\\dotnet\\sdk\\6.0.309\\Extensions\\Microsoft.TestPlatform.Extensions.BlameDataCollector.dll",
      "HasAttachmentProcessor": false
    }
  ],
  "Metrics": {}
}
TpTrace Warning: 0 : 4264, 10, 2023/03/02, 19:17:13.937, 8682098365930, vstest.console.dll, DataCollectionLauncher.ErrorReceivedCallback datacollector standard error line: 
TpTrace Information: 0 : 4264, 10, 2023/03/02, 19:17:13.939, 8682098380478, vstest.console.dll, DataCollectionLauncher.ExitCallBack: Data collector exited with exitcode: 0 error: ''
TpTrace Information: 0 : 4264, 7, 2023/03/02, 19:17:13.941, 8682098399815, vstest.console.dll, ProxyDataCollectionManager.InvokeDataCollectionServiceAction: Completed.
TpTrace Verbose: 0 : 4264, 7, 2023/03/02, 19:17:14.046, 8682099448919, vstest.console.dll, TestRunRequest:SendTestRunStatsChange: Starting.
TpTrace Verbose: 0 : 4264, 7, 2023/03/02, 19:17:14.046, 8682099452464, vstest.console.dll, MulticastDelegateUtilities.SafeInvoke: TestRun.RunStatsChanged: Invoking callbacks was skipped because there are no subscribers.
TpTrace Information: 0 : 4264, 7, 2023/03/02, 19:17:14.046, 8682099452983, vstest.console.dll, TestRunRequest:SendTestRunStatsChange: Completed.
TpTrace Verbose: 0 : 4264, 7, 2023/03/02, 19:17:14.047, 8682099460397, vstest.console.dll, ParallelProxyExecutionManager: HandlePartialRunComplete: Total completed clients = 1, Run complete = True, Run canceled: False.
TpTrace Verbose: 0 : 4264, 4, 2023/03/02, 19:17:14.049, 8682099488390, vstest.console.dll, MulticastDelegateUtilities.SafeInvoke: InternalTestLoggerEvents.SendTestResult: Invoking callback 1/1 for Microsoft.VisualStudio.TestPlatform.CommandLine.Internal.ConsoleLogger.TestResultHandler, took 3 ms.
TpTrace Verbose: 0 : 4264, 4, 2023/03/02, 19:17:14.050, 8682099489601, vstest.console.dll, MulticastDelegateUtilities.SafeInvoke: InternalTestLoggerEvents.SendTestResult: Invoking callback 1/1 for Microsoft.VisualStudio.TestPlatform.CommandLine.Internal.ConsoleLogger.TestResultHandler, took 0 ms.
TpTrace Verbose: 0 : 4264, 4, 2023/03/02, 19:17:14.050, 8682099490103, vstest.console.dll, MulticastDelegateUtilities.SafeInvoke: InternalTestLoggerEvents.SendTestResult: Invoking callback 1/1 for Microsoft.VisualStudio.TestPlatform.CommandLine.Internal.ConsoleLogger.TestResultHandler, took 0 ms.
TpTrace Verbose: 0 : 4264, 4, 2023/03/02, 19:17:14.050, 8682099490514, vstest.console.dll, MulticastDelegateUtilities.SafeInvoke: InternalTestLoggerEvents.SendTestResult: Invoking callback 1/1 for Microsoft.VisualStudio.TestPlatform.CommandLine.Internal.ConsoleLogger.TestResultHandler, took 0 ms.
TpTrace Verbose: 0 : 4264, 4, 2023/03/02, 19:17:14.050, 8682099490922, vstest.console.dll, MulticastDelegateUtilities.SafeInvoke: InternalTestLoggerEvents.SendTestResult: Invoking callback 1/1 for Microsoft.VisualStudio.TestPlatform.CommandLine.Internal.ConsoleLogger.TestResultHandler, took 0 ms.
TpTrace Verbose: 0 : 4264, 4, 2023/03/02, 19:17:14.050, 8682099491312, vstest.console.dll, MulticastDelegateUtilities.SafeInvoke: InternalTestLoggerEvents.SendTestResult: Invoking callback 1/1 for Microsoft.VisualStudio.TestPlatform.CommandLine.Internal.ConsoleLogger.TestResultHandler, took 0 ms.
TpTrace Verbose: 0 : 4264, 4, 2023/03/02, 19:17:14.050, 8682099491696, vstest.console.dll, MulticastDelegateUtilities.SafeInvoke: InternalTestLoggerEvents.SendTestResult: Invoking callback 1/1 for Microsoft.VisualStudio.TestPlatform.CommandLine.Internal.ConsoleLogger.TestResultHandler, took 0 ms.
TpTrace Verbose: 0 : 4264, 4, 2023/03/02, 19:17:14.050, 8682099492081, vstest.console.dll, MulticastDelegateUtilities.SafeInvoke: InternalTestLoggerEvents.SendTestResult: Invoking callback 1/1 for Microsoft.VisualStudio.TestPlatform.CommandLine.Internal.ConsoleLogger.TestResultHandler, took 0 ms.
TpTrace Verbose: 0 : 4264, 4, 2023/03/02, 19:17:14.056, 8682099555565, vstest.console.dll, MulticastDelegateUtilities.SafeInvoke: InternalTestLoggerEvents.SendTestRunComplete: Invoking callback 1/2 for Microsoft.TestPlatform.Extensions.BlameDataCollector.BlameLogger.TestRunCompleteHandler, took 0 ms.
TpTrace Verbose: 0 : 4264, 4, 2023/03/02, 19:17:14.061, 8682099607310, vstest.console.dll, MulticastDelegateUtilities.SafeInvoke: InternalTestLoggerEvents.SendTestRunComplete: Invoking callback 2/2 for Microsoft.VisualStudio.TestPlatform.CommandLine.Internal.ConsoleLogger.TestRunCompleteHandler, took 5 ms.
TpTrace Verbose: 0 : 4264, 7, 2023/03/02, 19:17:14.062, 8682099610319, vstest.console.dll, TestRunRequest:TestRunComplete: Starting. IsAborted:False IsCanceled:False.
TpTrace Verbose: 0 : 4264, 7, 2023/03/02, 19:17:14.062, 8682099618446, vstest.console.dll, TestLoggerManager.HandleTestRunComplete: Ignoring as the object is disposed.
TpTrace Verbose: 0 : 4264, 7, 2023/03/02, 19:17:14.063, 8682099620447, vstest.console.dll, MulticastDelegateUtilities.SafeInvoke: TestRun.TestRunComplete: Invoking callback 1/2 for Microsoft.VisualStudio.TestPlatform.CommandLine.TestRunResultAggregator.TestRunCompletionHandler, took 0 ms.
TpTrace Verbose: 0 : 4264, 7, 2023/03/02, 19:17:14.063, 8682099621218, vstest.console.dll, MulticastDelegateUtilities.SafeInvoke: TestRun.TestRunComplete: Invoking callback 2/2 for Microsoft.VisualStudio.TestPlatform.CommandLine.Processors.RunTestsArgumentExecutor+TestRunRequestEventsRegistrar.TestRunRequest_OnRunCompletion, took 0 ms.
TpTrace Information: 0 : 4264, 7, 2023/03/02, 19:17:14.063, 8682099622106, vstest.console.dll, TestRunRequest:TestRunComplete: Completed.
TpTrace Verbose: 0 : 4264, 1, 2023/03/02, 19:17:14.063, 8682099622440, vstest.console.dll, TestRunRequest.Dispose: Starting.
TpTrace Verbose: 0 : 4264, 7, 2023/03/02, 19:17:14.063, 8682099622493, vstest.console.dll, TestRequestSender.SetOperationComplete: Setting operation complete.
TpTrace Information: 0 : 4264, 1, 2023/03/02, 19:17:14.063, 8682099623128, vstest.console.dll, TestRunRequest.Dispose: Completed.
TpTrace Information: 0 : 4264, 7, 2023/03/02, 19:17:14.063, 8682099623499, vstest.console.dll, SocketServer.Stop: Stop server endPoint: 127.0.0.1:50929
TpTrace Information: 0 : 4264, 1, 2023/03/02, 19:17:14.063, 8682099624078, vstest.console.dll, TestRequestManager.RunTests: run tests completed.
TpTrace Information: 0 : 4264, 7, 2023/03/02, 19:17:14.063, 8682099624409, vstest.console.dll, SocketServer.Stop: Cancellation requested. Stopping message loop.
TpTrace Information: 0 : 4264, 1, 2023/03/02, 19:17:14.063, 8682099624927, vstest.console.dll, RunTestsArgumentProcessor:Execute: Test run is completed.
TpTrace Verbose: 0 : 4264, 7, 2023/03/02, 19:17:14.063, 8682099624979, vstest.console.dll, MulticastDelegateUtilities.SafeInvoke: LengthPrefixCommunicationChannel: MessageReceived: Invoking callback 1/1 for Microsoft.VisualStudio.TestPlatform.CommunicationUtilities.TestRequestSender+<>c__DisplayClass30_0.<StartTestRun>b__1, took 249 ms.
TpTrace Information: 0 : 4264, 7, 2023/03/02, 19:17:14.063, 8682099625705, vstest.console.dll, SocketServer.PrivateStop: Stopping server endPoint: 127.0.0.1:50929 error: 
TpTrace Verbose: 0 : 4264, 1, 2023/03/02, 19:17:14.063, 8682099626755, vstest.console.dll, Executor.Execute: Exiting with exit code of 0
TpTrace Verbose: 0 : 4264, 7, 2023/03/02, 19:17:14.064, 8682099630468, vstest.console.dll, LengthPrefixCommunicationChannel.Dispose: Dispose reader and writer.
TpTrace Information: 0 : 4264, 7, 2023/03/02, 19:17:14.064, 8682099631339, vstest.console.dll, SocketServer.Stop: Raise disconnected event endPoint: 127.0.0.1:50929 error: 
TpTrace Verbose: 0 : 4264, 7, 2023/03/02, 19:17:14.064, 8682099631921, vstest.console.dll, TestRequestSender: OnTestRunAbort: Operation is already complete. Skip error message.
TpTrace Verbose: 0 : 4264, 7, 2023/03/02, 19:17:14.064, 8682099632457, vstest.console.dll, MulticastDelegateUtilities.SafeInvoke: SocketServer: ClientDisconnected: Invoking callback 1/1 for Microsoft.VisualStudio.TestPlatform.CommunicationUtilities.TestRequestSender.<InitializeCommunication>b__23_1, took 0 ms.
TpTrace Verbose: 0 : 4264, 7, 2023/03/02, 19:17:14.064, 8682099632864, vstest.console.dll, TcpClientExtensions.MessageLoopAsync: exiting MessageLoopAsync remoteEndPoint: 127.0.0.1:50930 localEndPoint: 127.0.0.1:50929
